RUN	20140612150927	completeuserscenario	 
SCENARIO	Scenario Name	1	START	1402578568652
ACTION	Scenario Name	1	user validation	1402578568673	1402578569768	1402578569855	1402578569857	OK	 
ACTION	Scenario Name	1	signup	1402578570869	1402578570872	1402578571040	1402578571040	OK	 
ACTION	Scenario Name	1	signin	1402578571117	1402578571119	1402578571221	1402578571221	OK	 
ACTION	Scenario Name	1	coachmessages signup	1402578571243	1402578571244	1402578571384	1402578571384	OK	 
ACTION	Scenario Name	1	coachmessages home	1402578571386	1402578571387	1402578571589	1402578571589	OK	 
ACTION	Scenario Name	1	notifications	1402578571590	1402578571592	1402578571729	1402578571729	OK	 
ACTION	Scenario Name	1	activityoffers	1402578589715	1402578589716	1402578589865	1402578589868	OK	 
ACTION	Scenario Name	1	coachmessages select	1402578589965	1402578589967	1402578590083	1402578590083	OK	 
ACTION	Scenario Name	1	notifications	1402578590085	1402578590087	1402578590175	1402578590175	OK	 
ACTION	Scenario Name	1	assessment result newest	1402578592165	1402578592167	1402578592260	1402578592260	OK	 
ACTION	Scenario Name	1	assessment	1402578592315	1402578592317	1402578592524	1402578592527	OK	 
ACTION	Scenario Name	1	notifications	1402578592715	1402578592716	1402578592800	1402578592800	OK	 
ACTION	Scenario Name	1	coachmessages check	1402578592801	1402578592803	1402578592890	1402578592891	OK	 
ACTION	Scenario Name	1	assessment result answer	1402578593868	1402578593873	1402578594023	1402578594023	KO	Check 'in' failed, found 500 but expected List(200, 201, 202, 203, 204, 205, 206, 207, 208, 209, 210, 304)
ACTION	Scenario Name	1	assessment result answer	1402578595066	1402578595070	1402578595209	1402578595210	KO	Check 'in' failed, found 500 but expected List(200, 201, 202, 203, 204, 205, 206, 207, 208, 209, 210, 304)
ACTION	Scenario Name	1	assessment result answer	1402578596165	1402578596168	1402578596309	1402578596309	KO	Check 'in' failed, found 500 but expected List(200, 201, 202, 203, 204, 205, 206, 207, 208, 209, 210, 304)
ACTION	Scenario Name	1	assessment result answer	1402578597316	1402578597318	1402578597452	1402578597452	KO	Check 'in' failed, found 500 but expected List(200, 201, 202, 203, 204, 205, 206, 207, 208, 209, 210, 304)
ACTION	Scenario Name	1	assessment result answer	1402578598465	1402578598467	1402578598619	1402578598619	KO	Check 'in' failed, found 500 but expected List(200, 201, 202, 203, 204, 205, 206, 207, 208, 209, 210, 304)
ACTION	Scenario Name	1	assessment result answer	1402578599617	1402578599619	1402578599756	1402578599756	KO	Check 'in' failed, found 500 but expected List(200, 201, 202, 203, 204, 205, 206, 207, 208, 209, 210, 304)
ACTION	Scenario Name	1	assessment result answer	1402578600766	1402578600769	1402578600942	1402578600942	KO	Check 'in' failed, found 500 but expected List(200, 201, 202, 203, 204, 205, 206, 207, 208, 209, 210, 304)
ACTION	Scenario Name	1	assessment result answer	1402578601966	1402578601968	1402578602119	1402578602119	KO	Check 'in' failed, found 500 but expected List(200, 201, 202, 203, 204, 205, 206, 207, 208, 209, 210, 304)
ACTION	Scenario Name	1	assessment result answer	1402578603115	1402578603116	1402578603267	1402578603267	KO	Check 'in' failed, found 500 but expected List(200, 201, 202, 203, 204, 205, 206, 207, 208, 209, 210, 304)
ACTION	Scenario Name	1	assessment result answer	1402578604265	1402578604268	1402578604398	1402578604398	KO	Check 'in' failed, found 500 but expected List(200, 201, 202, 203, 204, 205, 206, 207, 208, 209, 210, 304)
ACTION	Scenario Name	1	assessment result answer	1402578605367	1402578605368	1402578605512	1402578605512	KO	Check 'in' failed, found 500 but expected List(200, 201, 202, 203, 204, 205, 206, 207, 208, 209, 210, 304)
ACTION	Scenario Name	1	assessment result answer	1402578606516	1402578606517	1402578606690	1402578606690	KO	Check 'in' failed, found 500 but expected List(200, 201, 202, 203, 204, 205, 206, 207, 208, 209, 210, 304)
ACTION	Scenario Name	1	assessment result answer	1402578607715	1402578607716	1402578607964	1402578607965	KO	Check 'in' failed, found 500 but expected List(200, 201, 202, 203, 204, 205, 206, 207, 208, 209, 210, 304)
ACTION	Scenario Name	1	assessment result answer	1402578608965	1402578608966	1402578609120	1402578609120	KO	Check 'in' failed, found 500 but expected List(200, 201, 202, 203, 204, 205, 206, 207, 208, 209, 210, 304)
ACTION	Scenario Name	1	assessment result answer	1402578610116	1402578610117	1402578610262	1402578610263	KO	Check 'in' failed, found 500 but expected List(200, 201, 202, 203, 204, 205, 206, 207, 208, 209, 210, 304)
ACTION	Scenario Name	1	assessment result answer	1402578611265	1402578611266	1402578611403	1402578611403	KO	Check 'in' failed, found 500 but expected List(200, 201, 202, 203, 204, 205, 206, 207, 208, 209, 210, 304)
ACTION	Scenario Name	1	assessment result answer	1402578612416	1402578612417	1402578612555	1402578612555	KO	Check 'in' failed, found 500 but expected List(200, 201, 202, 203, 204, 205, 206, 207, 208, 209, 210, 304)
ACTION	Scenario Name	1	assessment result answer	1402578613565	1402578613566	1402578613826	1402578613826	KO	Check 'in' failed, found 500 but expected List(200, 201, 202, 203, 204, 205, 206, 207, 208, 209, 210, 304)
ACTION	Scenario Name	1	assessment result answer	1402578614816	1402578614817	1402578614964	1402578614965	KO	Check 'in' failed, found 500 but expected List(200, 201, 202, 203, 204, 205, 206, 207, 208, 209, 210, 304)
ACTION	Scenario Name	1	assessment result answer	1402578615966	1402578615967	1402578616092	1402578616092	KO	Check 'in' failed, found 500 but expected List(200, 201, 202, 203, 204, 205, 206, 207, 208, 209, 210, 304)
ACTION	Scenario Name	1	assessment result answer	1402578617066	1402578617067	1402578617248	1402578617248	KO	Check 'in' failed, found 500 but expected List(200, 201, 202, 203, 204, 205, 206, 207, 208, 209, 210, 304)
ACTION	Scenario Name	1	assessment result answer	1402578618266	1402578618267	1402578618395	1402578618395	KO	Check 'in' failed, found 500 but expected List(200, 201, 202, 203, 204, 205, 206, 207, 208, 209, 210, 304)
ACTION	Scenario Name	1	assessment result answer	1402578619415	1402578619416	1402578619594	1402578619594	KO	Check 'in' failed, found 500 but expected List(200, 201, 202, 203, 204, 205, 206, 207, 208, 209, 210, 304)
ACTION	Scenario Name	1	assessment result answer	1402578620566	1402578620566	1402578620694	1402578620694	KO	Check 'in' failed, found 500 but expected List(200, 201, 202, 203, 204, 205, 206, 207, 208, 209, 210, 304)
ACTION	Scenario Name	1	assessment result answer	1402578621716	1402578621716	1402578621892	1402578621892	KO	Check 'in' failed, found 500 but expected List(200, 201, 202, 203, 204, 205, 206, 207, 208, 209, 210, 304)
ACTION	Scenario Name	1	assessment result answer	1402578622866	1402578622867	1402578622995	1402578622996	KO	Check 'in' failed, found 500 but expected List(200, 201, 202, 203, 204, 205, 206, 207, 208, 209, 210, 304)
ACTION	Scenario Name	1	assessment result newest	1402578624016	1402578624017	1402578624138	1402578624138	OK	 
ACTION	Scenario Name	1	assessment result newest populate	1402578624166	1402578624167	1402578624242	1402578624242	OK	 
SCENARIO	Scenario Name	1	END	1402578624242
