RUN	20140612150725	completeuserscenario	 
SCENARIO	Scenario Name	1	START	1402578446645
ACTION	Scenario Name	1	user validation	1402578446667	1402578446764	1402578446809	1402578446813	OK	 
ACTION	Scenario Name	1	user validation Redirect 1	1402578446821	1402578447493	1402578447571	1402578447572	KO	Check 'in' failed, found 404 but expected List(200, 201, 202, 203, 204, 205, 206, 207, 208, 209, 210, 304)
ACTION	Scenario Name	1	signup	1402578448619	1402578448620	1402578449020	1402578449021	OK	 
ACTION	Scenario Name	1	signup Redirect 1	1402578449021	1402578449023	1402578449069	1402578449070	KO	Check 'in' failed, found 404 but expected List(200, 201, 202, 203, 204, 205, 206, 207, 208, 209, 210, 304)
ACTION	Scenario Name	1	signin	1402578449118	1402578449120	1402578449166	1402578449167	OK	 
ACTION	Scenario Name	1	signin Redirect 1	1402578449168	1402578449169	1402578449215	1402578449216	KO	Check 'in' failed, found 404 but expected List(200, 201, 202, 203, 204, 205, 206, 207, 208, 209, 210, 304)
ACTION	Scenario Name	1	coachmessages signup	1402578449222	1402578449223	1402578449268	1402578449269	OK	 
ACTION	Scenario Name	1	coachmessages signup Redirect 1	1402578449269	1402578449270	1402578449318	1402578449319	KO	Check 'in' failed, found 404 but expected List(200, 201, 202, 203, 204, 205, 206, 207, 208, 209, 210, 304)
ACTION	Scenario Name	1	coachmessages home	1402578449323	1402578449324	1402578449370	1402578449370	OK	 
ACTION	Scenario Name	1	coachmessages home Redirect 1	1402578449370	1402578449371	1402578449421	1402578449421	KO	Check 'in' failed, found 404 but expected List(200, 201, 202, 203, 204, 205, 206, 207, 208, 209, 210, 304)
ACTION	Scenario Name	1	notifications	1402578449423	1402578449424	1402578449470	1402578449470	OK	 
ACTION	Scenario Name	1	notifications Redirect 1	1402578449471	1402578449472	1402578449518	1402578449519	KO	Check 'in' failed, found 404 but expected List(200, 201, 202, 203, 204, 205, 206, 207, 208, 209, 210, 304)
ACTION	Scenario Name	1	activityoffers	1402578467515	1402578467516	1402578467564	1402578467564	OK	 
ACTION	Scenario Name	1	activityoffers Redirect 1	1402578467565	1402578467566	1402578467613	1402578467613	KO	Check 'in' failed, found 404 but expected List(200, 201, 202, 203, 204, 205, 206, 207, 208, 209, 210, 304)
ACTION	Scenario Name	1	coachmessages select	1402578467715	1402578467717	1402578467763	1402578467763	OK	 
ACTION	Scenario Name	1	coachmessages select Redirect 1	1402578467764	1402578467765	1402578467812	1402578467812	KO	Check 'in' failed, found 404 but expected List(200, 201, 202, 203, 204, 205, 206, 207, 208, 209, 210, 304)
ACTION	Scenario Name	1	notifications	1402578467814	1402578467815	1402578467863	1402578467863	OK	 
ACTION	Scenario Name	1	notifications Redirect 1	1402578467864	1402578467865	1402578467912	1402578467913	KO	Check 'in' failed, found 404 but expected List(200, 201, 202, 203, 204, 205, 206, 207, 208, 209, 210, 304)
ACTION	Scenario Name	1	assessment result newest	1402578469917	1402578469919	1402578469966	1402578469966	OK	 
ACTION	Scenario Name	1	assessment result newest Redirect 1	1402578469967	1402578469968	1402578470015	1402578470015	KO	Check 'in' failed, found 404 but expected List(200, 201, 202, 203, 204, 205, 206, 207, 208, 209, 210, 304)
ACTION	Scenario Name	1	assessment	1402578470017	1402578470018	1402578470064	1402578470064	OK	 
ACTION	Scenario Name	1	assessment Redirect 1	1402578470065	1402578470066	1402578470112	1402578470112	KO	Check 'in' failed, found 404 but expected List(200, 201, 202, 203, 204, 205, 206, 207, 208, 209, 210, 304)
ACTION	Scenario Name	1	notifications	1402578470316	1402578470317	1402578470365	1402578470365	OK	 
ACTION	Scenario Name	1	notifications Redirect 1	1402578470366	1402578470367	1402578470415	1402578470416	KO	Check 'in' failed, found 404 but expected List(200, 201, 202, 203, 204, 205, 206, 207, 208, 209, 210, 304)
ACTION	Scenario Name	1	coachmessages check	1402578470417	1402578470426	1402578470465	1402578470465	OK	 
ACTION	Scenario Name	1	coachmessages check Redirect 1	1402578470465	1402578470466	1402578470513	1402578470513	KO	Check 'in' failed, found 404 but expected List(200, 201, 202, 203, 204, 205, 206, 207, 208, 209, 210, 304)
ACTION	Scenario Name	1	assessment result answer	1402578471518	1402578471526	1402578471578	1402578471578	OK	 
ACTION	Scenario Name	1	assessment result answer Redirect 1	1402578471578	1402578471579	1402578471625	1402578471625	KO	Check 'in' failed, found 404 but expected List(200, 201, 202, 203, 204, 205, 206, 207, 208, 209, 210, 304)
ACTION	Scenario Name	1	assessment result answer	1402578472616	1402578472617	1402578472665	1402578472665	OK	 
ACTION	Scenario Name	1	assessment result answer Redirect 1	1402578472665	1402578472666	1402578472714	1402578472714	KO	Check 'in' failed, found 404 but expected List(200, 201, 202, 203, 204, 205, 206, 207, 208, 209, 210, 304)
ACTION	Scenario Name	1	assessment result answer	1402578473717	1402578473718	1402578474010	1402578474011	OK	 
ACTION	Scenario Name	1	assessment result answer Redirect 1	1402578474011	1402578474012	1402578474059	1402578474060	KO	Check 'in' failed, found 404 but expected List(200, 201, 202, 203, 204, 205, 206, 207, 208, 209, 210, 304)
ACTION	Scenario Name	1	assessment result answer	1402578475067	1402578475068	1402578475134	1402578475134	OK	 
ACTION	Scenario Name	1	assessment result answer Redirect 1	1402578475135	1402578475135	1402578475182	1402578475182	KO	Check 'in' failed, found 404 but expected List(200, 201, 202, 203, 204, 205, 206, 207, 208, 209, 210, 304)
ACTION	Scenario Name	1	assessment result answer	1402578476167	1402578476168	1402578476215	1402578476215	OK	 
ACTION	Scenario Name	1	assessment result answer Redirect 1	1402578476215	1402578476216	1402578476262	1402578476263	KO	Check 'in' failed, found 404 but expected List(200, 201, 202, 203, 204, 205, 206, 207, 208, 209, 210, 304)
ACTION	Scenario Name	1	assessment result answer	1402578477267	1402578477268	1402578477316	1402578477317	OK	 
ACTION	Scenario Name	1	assessment result answer Redirect 1	1402578477317	1402578477318	1402578477364	1402578477365	KO	Check 'in' failed, found 404 but expected List(200, 201, 202, 203, 204, 205, 206, 207, 208, 209, 210, 304)
ACTION	Scenario Name	1	assessment result answer	1402578478367	1402578478368	1402578478415	1402578478415	OK	 
ACTION	Scenario Name	1	assessment result answer Redirect 1	1402578478415	1402578478416	1402578478463	1402578478463	KO	Check 'in' failed, found 404 but expected List(200, 201, 202, 203, 204, 205, 206, 207, 208, 209, 210, 304)
ACTION	Scenario Name	1	assessment result answer	1402578479466	1402578479466	1402578479513	1402578479513	OK	 
ACTION	Scenario Name	1	assessment result answer Redirect 1	1402578479513	1402578479514	1402578479560	1402578479560	KO	Check 'in' failed, found 404 but expected List(200, 201, 202, 203, 204, 205, 206, 207, 208, 209, 210, 304)
ACTION	Scenario Name	1	assessment result answer	1402578480566	1402578480567	1402578480860	1402578480860	OK	 
ACTION	Scenario Name	1	assessment result answer Redirect 1	1402578480860	1402578480861	1402578480909	1402578480909	KO	Check 'in' failed, found 404 but expected List(200, 201, 202, 203, 204, 205, 206, 207, 208, 209, 210, 304)
ACTION	Scenario Name	1	assessment result answer	1402578481917	1402578481919	1402578481967	1402578481967	OK	 
ACTION	Scenario Name	1	assessment result answer Redirect 1	1402578481967	1402578481968	1402578482015	1402578482015	KO	Check 'in' failed, found 404 but expected List(200, 201, 202, 203, 204, 205, 206, 207, 208, 209, 210, 304)
ACTION	Scenario Name	1	assessment result answer	1402578483016	1402578483016	1402578483064	1402578483064	OK	 
ACTION	Scenario Name	1	assessment result answer Redirect 1	1402578483064	1402578483065	1402578483113	1402578483113	KO	Check 'in' failed, found 404 but expected List(200, 201, 202, 203, 204, 205, 206, 207, 208, 209, 210, 304)
ACTION	Scenario Name	1	assessment result answer	1402578484116	1402578484117	1402578484166	1402578484166	OK	 
