RUN	20140612144826	completeuserscenario	 
SCENARIO	Scenario Name	1	START	1402577307002
ACTION	Scenario Name	1	user validation	1402577307026	1402577307095	1402577307118	1402577307121	OK	 
SCENARIO	Scenario Name	2	START	1402577307702
ACTION	Scenario Name	2	user validation	1402577307703	1402577307705	1402577307713	1402577307713	OK	 
ACTION	Scenario Name	1	signup	1402577308154	1402577308155	1402577308167	1402577308167	OK	 
ACTION	Scenario Name	1	signin	1402577308253	1402577308256	1402577308266	1402577308266	OK	 
ACTION	Scenario Name	1	request_23	1402577308305	1402577308306	1402577308316	1402577308316	OK	 
ACTION	Scenario Name	1	request_24	1402577308317	1402577308318	1402577308328	1402577308328	OK	 
ACTION	Scenario Name	1	request_25	1402577308329	1402577308330	1402577308340	1402577308341	OK	 
SCENARIO	Scenario Name	3	START	1402577308350
ACTION	Scenario Name	3	user validation	1402577308351	1402577308352	1402577308362	1402577308362	OK	 
ACTION	Scenario Name	2	signup	1402577308752	1402577308753	1402577308764	1402577308765	OK	 
ACTION	Scenario Name	2	signin	1402577308803	1402577308804	1402577308814	1402577308827	OK	 
ACTION	Scenario Name	2	request_23	1402577308829	1402577308830	1402577308879	1402577308879	OK	 
ACTION	Scenario Name	2	request_24	1402577308881	1402577308881	1402577308890	1402577308890	OK	 
ACTION	Scenario Name	2	request_25	1402577308891	1402577308892	1402577308901	1402577308901	OK	 
SCENARIO	Scenario Name	4	START	1402577309002
ACTION	Scenario Name	4	user validation	1402577309003	1402577309004	1402577309010	1402577309011	OK	 
ACTION	Scenario Name	3	signup	1402577309403	1402577309405	1402577309416	1402577309417	OK	 
ACTION	Scenario Name	3	signin	1402577309452	1402577309453	1402577309463	1402577309464	OK	 
ACTION	Scenario Name	3	request_23	1402577309466	1402577309468	1402577309475	1402577309475	OK	 
ACTION	Scenario Name	3	request_24	1402577309476	1402577309478	1402577309483	1402577309483	OK	 
ACTION	Scenario Name	3	request_25	1402577309484	1402577309485	1402577309492	1402577309492	OK	 
ACTION	Scenario Name	4	signup	1402577310051	1402577310052	1402577310060	1402577310061	OK	 
ACTION	Scenario Name	4	signin	1402577310102	1402577310104	1402577310112	1402577310113	OK	 
ACTION	Scenario Name	4	request_23	1402577310115	1402577310116	1402577310131	1402577310131	OK	 
ACTION	Scenario Name	4	request_24	1402577310132	1402577310133	1402577310139	1402577310140	OK	 
ACTION	Scenario Name	4	request_25	1402577310141	1402577310142	1402577310149	1402577310149	OK	 
ACTION	Scenario Name	1	request_26	1402577326303	1402577326304	1402577326321	1402577326326	OK	 
ACTION	Scenario Name	1	request_27	1402577326403	1402577326403	1402577326413	1402577326413	OK	 
ACTION	Scenario Name	1	request_28	1402577326415	1402577326415	1402577326422	1402577326423	OK	 
ACTION	Scenario Name	2	request_26	1402577326903	1402577326903	1402577326919	1402577326920	OK	 
ACTION	Scenario Name	2	request_27	1402577327002	1402577327003	1402577327013	1402577327013	OK	 
ACTION	Scenario Name	2	request_28	1402577327014	1402577327016	1402577327022	1402577327023	OK	 
ACTION	Scenario Name	3	request_26	1402577327502	1402577327503	1402577327531	1402577327532	OK	 
ACTION	Scenario Name	3	request_27	1402577327603	1402577327603	1402577327613	1402577327613	OK	 
ACTION	Scenario Name	3	request_28	1402577327614	1402577327615	1402577327622	1402577327622	OK	 
ACTION	Scenario Name	4	request_26	1402577328152	1402577328152	1402577328167	1402577328168	OK	 
ACTION	Scenario Name	4	request_27	1402577328252	1402577328253	1402577328262	1402577328263	OK	 
ACTION	Scenario Name	4	request_28	1402577328264	1402577328264	1402577328272	1402577328272	OK	 
ACTION	Scenario Name	1	request_29	1402577328402	1402577328403	1402577328412	1402577328413	OK	 
ACTION	Scenario Name	1	request_30	1402577328453	1402577328453	1402577328492	1402577328494	OK	 
ACTION	Scenario Name	1	request_31	1402577328703	1402577328704	1402577328713	1402577328713	OK	 
ACTION	Scenario Name	1	request_32	1402577328714	1402577328715	1402577328722	1402577328722	OK	 
ACTION	Scenario Name	2	request_29	1402577329053	1402577329053	1402577329062	1402577329062	OK	 
ACTION	Scenario Name	2	request_30	1402577329064	1402577329064	1402577329089	1402577329090	OK	 
ACTION	Scenario Name	2	request_31	1402577329302	1402577329303	1402577329326	1402577329327	OK	 
ACTION	Scenario Name	2	request_32	1402577329328	1402577329328	1402577329334	1402577329335	OK	 
ACTION	Scenario Name	3	request_29	1402577329651	1402577329652	1402577329658	1402577329658	OK	 
ACTION	Scenario Name	3	request_30	1402577329659	1402577329660	1402577329685	1402577329687	OK	 
ACTION	Scenario Name	1	request_33	1402577329705	1402577329714	1402577329723	1402577329723	OK	 
ACTION	Scenario Name	3	request_31	1402577329903	1402577329903	1402577329913	1402577329914	OK	 
ACTION	Scenario Name	3	request_32	1402577329915	1402577329915	1402577329922	1402577329922	OK	 
ACTION	Scenario Name	4	request_29	1402577330301	1402577330302	1402577330322	1402577330322	OK	 
ACTION	Scenario Name	4	request_30	1402577330323	1402577330323	1402577330348	1402577330350	OK	 
ACTION	Scenario Name	2	request_33	1402577330352	1402577330353	1402577330362	1402577330363	OK	 
ACTION	Scenario Name	4	request_31	1402577330551	1402577330552	1402577330561	1402577330561	OK	 
ACTION	Scenario Name	4	request_32	1402577330562	1402577330562	1402577330569	1402577330569	OK	 
ACTION	Scenario Name	1	request_33	1402577330751	1402577330752	1402577330763	1402577330763	OK	 
ACTION	Scenario Name	3	request_33	1402577330952	1402577330952	1402577330963	1402577330964	OK	 
ACTION	Scenario Name	2	request_33	1402577331351	1402577331352	1402577331380	1402577331380	OK	 
ACTION	Scenario Name	4	request_33	1402577331602	1402577331603	1402577331616	1402577331617	OK	 
ACTION	Scenario Name	1	request_33	1402577331753	1402577331753	1402577331769	1402577331769	OK	 
ACTION	Scenario Name	3	request_33	1402577331952	1402577331953	1402577331968	1402577331968	OK	 
ACTION	Scenario Name	2	request_33	1402577332403	1402577332404	1402577332416	1402577332417	OK	 
ACTION	Scenario Name	4	request_33	1402577332602	1402577332602	1402577332614	1402577332614	OK	 
ACTION	Scenario Name	1	request_33	1402577332753	1402577332754	1402577332767	1402577332767	OK	 
ACTION	Scenario Name	3	request_33	1402577332953	1402577332954	1402577332967	1402577332967	OK	 
ACTION	Scenario Name	2	request_33	1402577333403	1402577333403	1402577333416	1402577333416	OK	 
ACTION	Scenario Name	4	request_33	1402577333601	1402577333602	1402577333614	1402577333615	OK	 
ACTION	Scenario Name	1	request_33	1402577333802	1402577333803	1402577333831	1402577333831	OK	 
ACTION	Scenario Name	3	request_33	1402577333953	1402577333955	1402577333967	1402577333968	OK	 
ACTION	Scenario Name	2	request_33	1402577334402	1402577334403	1402577334417	1402577334417	OK	 
ACTION	Scenario Name	4	request_33	1402577334652	1402577334653	1402577334667	1402577334667	OK	 
ACTION	Scenario Name	1	request_33	1402577334802	1402577334802	1402577334818	1402577334818	OK	 
ACTION	Scenario Name	3	request_33	1402577335002	1402577335003	1402577335016	1402577335017	OK	 
ACTION	Scenario Name	2	request_33	1402577335402	1402577335403	1402577335417	1402577335417	OK	 
ACTION	Scenario Name	4	request_33	1402577335653	1402577335653	1402577335668	1402577335668	OK	 
ACTION	Scenario Name	1	request_33	1402577335853	1402577335854	1402577335868	1402577335868	OK	 
ACTION	Scenario Name	3	request_33	1402577336001	1402577336002	1402577336014	1402577336014	OK	 
ACTION	Scenario Name	2	request_33	1402577336453	1402577336453	1402577336483	1402577336483	OK	 
ACTION	Scenario Name	4	request_33	1402577336653	1402577336654	1402577336669	1402577336669	OK	 
ACTION	Scenario Name	1	request_33	1402577336853	1402577336853	1402577336867	1402577336867	OK	 
ACTION	Scenario Name	3	request_33	1402577337002	1402577337002	1402577337016	1402577337016	OK	 
ACTION	Scenario Name	2	request_33	1402577337453	1402577337454	1402577337468	1402577337468	OK	 
ACTION	Scenario Name	4	request_33	1402577337653	1402577337654	1402577337669	1402577337669	OK	 
ACTION	Scenario Name	1	request_33	1402577337853	1402577337854	1402577337868	1402577337868	OK	 
ACTION	Scenario Name	3	request_33	1402577338052	1402577338053	1402577338067	1402577338067	OK	 
ACTION	Scenario Name	2	request_33	1402577338503	1402577338504	1402577338517	1402577338518	OK	 
ACTION	Scenario Name	4	request_33	1402577338702	1402577338703	1402577338716	1402577338717	OK	 
ACTION	Scenario Name	1	request_33	1402577338902	1402577338903	1402577338933	1402577338934	OK	 
ACTION	Scenario Name	3	request_33	1402577339053	1402577339054	1402577339068	1402577339068	OK	 
ACTION	Scenario Name	2	request_33	1402577339503	1402577339504	1402577339517	1402577339518	OK	 
ACTION	Scenario Name	4	request_33	1402577339702	1402577339703	1402577339717	1402577339717	OK	 
ACTION	Scenario Name	1	request_33	1402577339902	1402577339903	1402577339917	1402577339917	OK	 
ACTION	Scenario Name	3	request_33	1402577340052	1402577340053	1402577340067	1402577340067	OK	 
ACTION	Scenario Name	2	request_33	1402577340502	1402577340503	1402577340517	1402577340517	OK	 
ACTION	Scenario Name	4	request_33	1402577340751	1402577340751	1402577340763	1402577340763	OK	 
ACTION	Scenario Name	1	request_33	1402577340951	1402577340952	1402577340963	1402577340963	OK	 
ACTION	Scenario Name	3	request_33	1402577341103	1402577341104	1402577341117	1402577341118	OK	 
ACTION	Scenario Name	2	request_33	1402577341551	1402577341552	1402577341565	1402577341565	OK	 
ACTION	Scenario Name	4	request_33	1402577341751	1402577341752	1402577341813	1402577341813	OK	 
ACTION	Scenario Name	1	request_33	1402577341952	1402577341952	1402577341962	1402577341963	OK	 
ACTION	Scenario Name	3	request_33	1402577342101	1402577342102	1402577342112	1402577342112	OK	 
ACTION	Scenario Name	2	request_33	1402577342552	1402577342553	1402577342565	1402577342565	OK	 
ACTION	Scenario Name	4	request_33	1402577342803	1402577342803	1402577342814	1402577342815	OK	 
ACTION	Scenario Name	1	request_33	1402577342952	1402577342953	1402577342964	1402577342964	OK	 
ACTION	Scenario Name	3	request_33	1402577343103	1402577343104	1402577343115	1402577343115	OK	 
ACTION	Scenario Name	2	request_33	1402577343553	1402577343553	1402577343565	1402577343565	OK	 
ACTION	Scenario Name	4	request_33	1402577343802	1402577343802	1402577343813	1402577343814	OK	 
ACTION	Scenario Name	1	request_33	1402577343952	1402577343953	1402577343963	1402577343964	OK	 
ACTION	Scenario Name	3	request_33	1402577344103	1402577344104	1402577344115	1402577344115	OK	 
ACTION	Scenario Name	2	request_33	1402577344602	1402577344603	1402577344614	1402577344614	OK	 
ACTION	Scenario Name	4	request_33	1402577344852	1402577344853	1402577344864	1402577344864	OK	 
ACTION	Scenario Name	1	request_33	1402577345003	1402577345003	1402577345025	1402577345025	OK	 
ACTION	Scenario Name	3	request_33	1402577345153	1402577345154	1402577345164	1402577345165	OK	 
ACTION	Scenario Name	2	request_33	1402577345602	1402577345603	1402577345614	1402577345614	OK	 
ACTION	Scenario Name	4	request_33	1402577345853	1402577345854	1402577345865	1402577345866	OK	 
ACTION	Scenario Name	1	request_33	1402577346002	1402577346003	1402577346013	1402577346013	OK	 
ACTION	Scenario Name	3	request_33	1402577346153	1402577346154	1402577346165	1402577346165	OK	 
ACTION	Scenario Name	2	request_33	1402577346602	1402577346602	1402577346611	1402577346611	OK	 
ACTION	Scenario Name	4	request_33	1402577346852	1402577346853	1402577346864	1402577346865	OK	 
ACTION	Scenario Name	1	request_33	1402577347001	1402577347002	1402577347011	1402577347011	OK	 
ACTION	Scenario Name	3	request_33	1402577347153	1402577347154	1402577347165	1402577347165	OK	 
ACTION	Scenario Name	2	request_33	1402577347601	1402577347602	1402577347626	1402577347627	OK	 
ACTION	Scenario Name	4	request_33	1402577347852	1402577347852	1402577347863	1402577347863	OK	 
ACTION	Scenario Name	1	request_33	1402577348053	1402577348053	1402577348062	1402577348062	OK	 
ACTION	Scenario Name	3	request_33	1402577348152	1402577348153	1402577348164	1402577348164	OK	 
ACTION	Scenario Name	2	request_33	1402577348652	1402577348652	1402577348662	1402577348662	OK	 
ACTION	Scenario Name	4	request_33	1402577348902	1402577348903	1402577348915	1402577348915	OK	 
ACTION	Scenario Name	1	request_33	1402577349052	1402577349053	1402577349063	1402577349063	OK	 
ACTION	Scenario Name	3	request_33	1402577349202	1402577349203	1402577349214	1402577349214	OK	 
ACTION	Scenario Name	2	request_33	1402577349652	1402577349652	1402577349663	1402577349664	OK	 
ACTION	Scenario Name	4	request_33	1402577349903	1402577349904	1402577349916	1402577349916	OK	 
ACTION	Scenario Name	1	request_33	1402577350053	1402577350054	1402577350080	1402577350081	OK	 
ACTION	Scenario Name	3	request_33	1402577350203	1402577350204	1402577350213	1402577350213	OK	 
ACTION	Scenario Name	2	request_33	1402577350652	1402577350653	1402577350664	1402577350664	OK	 
ACTION	Scenario Name	4	request_33	1402577350901	1402577350902	1402577350913	1402577350913	OK	 
ACTION	Scenario Name	1	request_33	1402577351103	1402577351103	1402577351114	1402577351114	OK	 
ACTION	Scenario Name	3	request_33	1402577351203	1402577351204	1402577351215	1402577351215	OK	 
ACTION	Scenario Name	2	request_33	1402577351701	1402577351702	1402577351713	1402577351713	OK	 
ACTION	Scenario Name	4	request_33	1402577351903	1402577351904	1402577351915	1402577351915	OK	 
ACTION	Scenario Name	1	request_33	1402577352102	1402577352103	1402577352114	1402577352114	OK	 
ACTION	Scenario Name	3	request_33	1402577352251	1402577352252	1402577352260	1402577352260	OK	 
ACTION	Scenario Name	2	request_33	1402577352703	1402577352704	1402577352717	1402577352718	OK	 
ACTION	Scenario Name	4	request_33	1402577352951	1402577352952	1402577352974	1402577352975	OK	 
ACTION	Scenario Name	1	request_33	1402577353101	1402577353102	1402577353110	1402577353110	OK	 
ACTION	Scenario Name	3	request_33	1402577353251	1402577353252	1402577353262	1402577353263	OK	 
ACTION	Scenario Name	2	request_33	1402577353703	1402577353704	1402577353716	1402577353716	OK	 
ACTION	Scenario Name	4	request_33	1402577353953	1402577353953	1402577353965	1402577353965	OK	 
ACTION	Scenario Name	1	request_33	1402577354103	1402577354104	1402577354114	1402577354115	OK	 
ACTION	Scenario Name	3	request_33	1402577354253	1402577354254	1402577354266	1402577354266	OK	 
ACTION	Scenario Name	2	request_33	1402577354702	1402577354703	1402577354714	1402577354714	OK	 
ACTION	Scenario Name	4	request_33	1402577354953	1402577354954	1402577354965	1402577354965	OK	 
ACTION	Scenario Name	1	request_33	1402577355103	1402577355104	1402577355115	1402577355115	OK	 
ACTION	Scenario Name	3	request_33	1402577355252	1402577355253	1402577355278	1402577355278	OK	 
ACTION	Scenario Name	2	request_33	1402577355753	1402577355753	1402577355767	1402577355767	OK	 
ACTION	Scenario Name	4	request_33	1402577356001	1402577356002	1402577356015	1402577356016	OK	 
ACTION	Scenario Name	1	request_89	1402577356152	1402577356153	1402577356167	1402577356169	OK	 
ACTION	Scenario Name	1	request_90	1402577356170	1402577356170	1402577356189	1402577356189	OK	 
ACTION	Scenario Name	3	request_33	1402577356302	1402577356303	1402577356318	1402577356318	OK	 
ACTION	Scenario Name	1	request_91	1402577356353	1402577356353	1402577356366	1402577356367	OK	 
ACTION	Scenario Name	1	request_92	1402577356368	1402577356368	1402577356378	1402577356378	OK	 
ACTION	Scenario Name	2	request_89	1402577356753	1402577356753	1402577356764	1402577356764	OK	 
ACTION	Scenario Name	2	request_90	1402577356801	1402577356801	1402577356818	1402577356819	OK	 
ACTION	Scenario Name	2	request_91	1402577356953	1402577356953	1402577356964	1402577356965	OK	 
ACTION	Scenario Name	2	request_92	1402577356966	1402577356966	1402577356987	1402577356987	OK	 
ACTION	Scenario Name	4	request_33	1402577357002	1402577357003	1402577357015	1402577357015	OK	 
ACTION	Scenario Name	3	request_89	1402577357302	1402577357303	1402577357311	1402577357312	OK	 
ACTION	Scenario Name	3	request_90	1402577357352	1402577357352	1402577357362	1402577357363	OK	 
ACTION	Scenario Name	3	request_91	1402577357501	1402577357501	1402577357509	1402577357510	OK	 
ACTION	Scenario Name	3	request_92	1402577357511	1402577357511	1402577357519	1402577357520	OK	 
ACTION	Scenario Name	4	request_89	1402577358001	1402577358002	1402577358011	1402577358012	OK	 
ACTION	Scenario Name	4	request_90	1402577358051	1402577358051	1402577358063	1402577358063	OK	 
ACTION	Scenario Name	4	request_91	1402577358202	1402577358203	1402577358215	1402577358215	OK	 
ACTION	Scenario Name	4	request_92	1402577358216	1402577358217	1402577358226	1402577358226	OK	 
ACTION	Scenario Name	1	request_93	1402577360351	1402577360351	1402577360361	1402577360362	OK	 
SCENARIO	Scenario Name	1	END	1402577360362
ACTION	Scenario Name	2	request_93	1402577360952	1402577360952	1402577360964	1402577360964	OK	 
SCENARIO	Scenario Name	2	END	1402577360965
ACTION	Scenario Name	3	request_93	1402577361502	1402577361502	1402577361531	1402577361532	OK	 
SCENARIO	Scenario Name	3	END	1402577361532
ACTION	Scenario Name	4	request_93	1402577362202	1402577362203	1402577362216	1402577362216	OK	 
SCENARIO	Scenario Name	4	END	1402577362217
