RUN	20140611163950	completeuserscenario	 
SCENARIO	Scenario Name	1	START	1402497591387
ACTION	Scenario Name	1	user validation	1402497591415	1402497591415	1402497591431	1402497591433	OK	 
SCENARIO	Scenario Name	2	START	1402497592036
ACTION	Scenario Name	2	user validation	1402497592038	1402497592040	1402497592045	1402497592045	OK	 
ACTION	Scenario Name	1	signup	1402497592445	1402497592447	1402497592454	1402497592455	OK	 
ACTION	Scenario Name	1	signin	1402497592539	1402497592542	1402497592551	1402497592551	OK	 
SCENARIO	Scenario Name	3	START	1402497592737
ACTION	Scenario Name	3	user validation	1402497592738	1402497592740	1402497592750	1402497592751	OK	 
ACTION	Scenario Name	1	request_23	1402497592743	1402497592744	1402497592756	1402497592756	OK	 
ACTION	Scenario Name	1	request_24	1402497592757	1402497592758	1402497592767	1402497592767	OK	 
ACTION	Scenario Name	1	request_25	1402497592768	1402497592769	1402497592790	1402497592791	OK	 
ACTION	Scenario Name	2	signup	1402497593087	1402497593088	1402497593097	1402497593097	OK	 
ACTION	Scenario Name	2	signin	1402497593137	1402497593138	1402497593147	1402497593147	OK	 
ACTION	Scenario Name	2	request_23	1402497593337	1402497593338	1402497593347	1402497593348	OK	 
ACTION	Scenario Name	2	request_24	1402497593349	1402497593350	1402497593359	1402497593359	OK	 
ACTION	Scenario Name	2	request_25	1402497593361	1402497593361	1402497593372	1402497593372	OK	 
SCENARIO	Scenario Name	4	START	1402497593386
ACTION	Scenario Name	4	user validation	1402497593388	1402497593390	1402497593397	1402497593397	OK	 
ACTION	Scenario Name	3	signup	1402497593789	1402497593790	1402497593803	1402497593804	OK	 
ACTION	Scenario Name	3	signin	1402497593837	1402497593838	1402497593846	1402497593846	OK	 
ACTION	Scenario Name	3	request_23	1402497594036	1402497594038	1402497594048	1402497594048	OK	 
ACTION	Scenario Name	3	request_24	1402497594049	1402497594050	1402497594058	1402497594058	OK	 
ACTION	Scenario Name	3	request_25	1402497594059	1402497594060	1402497594069	1402497594069	OK	 
ACTION	Scenario Name	4	signup	1402497594437	1402497594439	1402497594449	1402497594450	OK	 
ACTION	Scenario Name	4	signin	1402497594488	1402497594491	1402497594501	1402497594502	OK	 
ACTION	Scenario Name	4	request_23	1402497594688	1402497594689	1402497594699	1402497594699	OK	 
ACTION	Scenario Name	4	request_24	1402497594700	1402497594701	1402497594709	1402497594710	OK	 
ACTION	Scenario Name	4	request_25	1402497594711	1402497594711	1402497594721	1402497594721	OK	 
ACTION	Scenario Name	1	request_26	1402497610787	1402497610787	1402497610819	1402497610822	OK	 
ACTION	Scenario Name	1	request_27	1402497610888	1402497610889	1402497610900	1402497610900	OK	 
ACTION	Scenario Name	1	request_28	1402497610901	1402497610901	1402497610915	1402497610915	OK	 
ACTION	Scenario Name	2	request_26	1402497611337	1402497611338	1402497611363	1402497611363	OK	 
ACTION	Scenario Name	2	request_27	1402497611487	1402497611488	1402497611499	1402497611499	OK	 
ACTION	Scenario Name	2	request_28	1402497611500	1402497611501	1402497611510	1402497611510	OK	 
ACTION	Scenario Name	3	request_26	1402497612089	1402497612089	1402497612113	1402497612113	OK	 
ACTION	Scenario Name	3	request_27	1402497612188	1402497612189	1402497612202	1402497612203	OK	 
ACTION	Scenario Name	3	request_28	1402497612204	1402497612204	1402497612214	1402497612214	OK	 
ACTION	Scenario Name	4	request_26	1402497612738	1402497612738	1402497612777	1402497612778	OK	 
ACTION	Scenario Name	4	request_27	1402497612838	1402497612839	1402497612851	1402497612852	OK	 
ACTION	Scenario Name	4	request_28	1402497612853	1402497612853	1402497612862	1402497612863	OK	 
ACTION	Scenario Name	1	request_29	1402497612938	1402497612939	1402497612950	1402497612950	OK	 
ACTION	Scenario Name	1	request_30	1402497612951	1402497612952	1402497612991	1402497612993	OK	 
ACTION	Scenario Name	1	request_31	1402497613238	1402497613239	1402497613251	1402497613251	OK	 
ACTION	Scenario Name	1	request_32	1402497613252	1402497613252	1402497613262	1402497613262	OK	 
ACTION	Scenario Name	2	request_29	1402497613488	1402497613488	1402497613500	1402497613500	OK	 
ACTION	Scenario Name	2	request_30	1402497613538	1402497613539	1402497613599	1402497613601	OK	 
ACTION	Scenario Name	2	request_31	1402497613788	1402497613789	1402497613802	1402497613803	OK	 
ACTION	Scenario Name	2	request_32	1402497613804	1402497613804	1402497613814	1402497613814	OK	 
ACTION	Scenario Name	3	request_29	1402497614188	1402497614189	1402497614200	1402497614200	OK	 
ACTION	Scenario Name	1	request_33	1402497614238	1402497614245	1402497614325	1402497614325	OK	 
ACTION	Scenario Name	3	request_30	1402497614238	1402497614238	1402497614325	1402497614327	OK	 
ACTION	Scenario Name	3	request_31	1402497614539	1402497614539	1402497614550	1402497614551	OK	 
ACTION	Scenario Name	3	request_32	1402497614552	1402497614552	1402497614559	1402497614559	OK	 
ACTION	Scenario Name	2	request_33	1402497614838	1402497614839	1402497614851	1402497614851	OK	 
ACTION	Scenario Name	4	request_29	1402497614888	1402497614889	1402497614898	1402497614898	OK	 
ACTION	Scenario Name	4	request_30	1402497614899	1402497614899	1402497614926	1402497614927	OK	 
ACTION	Scenario Name	4	request_31	1402497615138	1402497615138	1402497615156	1402497615156	OK	 
ACTION	Scenario Name	4	request_32	1402497615157	1402497615157	1402497615165	1402497615165	OK	 
ACTION	Scenario Name	1	request_34	1402497615238	1402497615240	1402497615251	1402497615251	OK	 
ACTION	Scenario Name	1	request_35	1402497615587	1402497615588	1402497615607	1402497615607	OK	 
ACTION	Scenario Name	3	request_33	1402497615587	1402497615588	1402497615607	1402497615607	OK	 
ACTION	Scenario Name	2	request_34	1402497615788	1402497615789	1402497615801	1402497615801	OK	 
ACTION	Scenario Name	2	request_35	1402497616138	1402497616138	1402497616149	1402497616149	OK	 
ACTION	Scenario Name	4	request_33	1402497616188	1402497616189	1402497616201	1402497616201	OK	 
ACTION	Scenario Name	3	request_34	1402497616488	1402497616489	1402497616501	1402497616501	OK	 
ACTION	Scenario Name	1	request_36	1402497616588	1402497616589	1402497616602	1402497616602	OK	 
ACTION	Scenario Name	1	request_37	1402497616788	1402497616789	1402497616815	1402497616815	OK	 
ACTION	Scenario Name	3	request_35	1402497616888	1402497616889	1402497616901	1402497616901	OK	 
ACTION	Scenario Name	2	request_36	1402497617088	1402497617089	1402497617107	1402497617108	OK	 
ACTION	Scenario Name	4	request_34	1402497617088	1402497617089	1402497617108	1402497617108	OK	 
ACTION	Scenario Name	2	request_37	1402497617288	1402497617288	1402497617302	1402497617302	OK	 
ACTION	Scenario Name	4	request_35	1402497617488	1402497617490	1402497617501	1402497617501	OK	 
ACTION	Scenario Name	1	request_38	1402497617737	1402497617738	1402497617748	1402497617749	OK	 
ACTION	Scenario Name	3	request_36	1402497617836	1402497617837	1402497617847	1402497617847	OK	 
ACTION	Scenario Name	3	request_37	1402497618037	1402497618038	1402497618050	1402497618050	OK	 
ACTION	Scenario Name	2	request_38	1402497618238	1402497618239	1402497618264	1402497618265	OK	 
ACTION	Scenario Name	4	request_36	1402497618437	1402497618438	1402497618451	1402497618451	OK	 
ACTION	Scenario Name	4	request_37	1402497618639	1402497618640	1402497618651	1402497618651	OK	 
ACTION	Scenario Name	1	request_39	1402497618787	1402497618789	1402497618802	1402497618802	OK	 
ACTION	Scenario Name	3	request_38	1402497618988	1402497618988	1402497619000	1402497619000	OK	 
ACTION	Scenario Name	2	request_39	1402497619288	1402497619288	1402497619302	1402497619302	OK	 
ACTION	Scenario Name	4	request_38	1402497619588	1402497619588	1402497619601	1402497619602	OK	 
ACTION	Scenario Name	1	request_40	1402497619738	1402497619740	1402497619752	1402497619752	OK	 
ACTION	Scenario Name	3	request_39	1402497619987	1402497619988	1402497620019	1402497620020	OK	 
ACTION	Scenario Name	2	request_40	1402497620238	1402497620239	1402497620252	1402497620252	OK	 
ACTION	Scenario Name	4	request_39	1402497620588	1402497620589	1402497620602	1402497620603	OK	 
ACTION	Scenario Name	1	request_41	1402497620738	1402497620740	1402497620753	1402497620753	OK	 
ACTION	Scenario Name	1	request_42	1402497620988	1402497620989	1402497621011	1402497621011	OK	 
ACTION	Scenario Name	3	request_40	1402497620988	1402497620989	1402497621010	1402497621011	OK	 
ACTION	Scenario Name	2	request_41	1402497621238	1402497621239	1402497621252	1402497621252	OK	 
ACTION	Scenario Name	2	request_42	1402497621487	1402497621488	1402497621517	1402497621517	OK	 
ACTION	Scenario Name	4	request_40	1402497621588	1402497621588	1402497621601	1402497621601	OK	 
ACTION	Scenario Name	3	request_41	1402497621987	1402497621987	1402497621998	1402497621998	OK	 
ACTION	Scenario Name	1	request_43	1402497622037	1402497622038	1402497622052	1402497622053	OK	 
ACTION	Scenario Name	3	request_42	1402497622238	1402497622239	1402497622253	1402497622253	OK	 
ACTION	Scenario Name	2	request_43	1402497622538	1402497622539	1402497622553	1402497622554	OK	 
ACTION	Scenario Name	4	request_41	1402497622587	1402497622588	1402497622598	1402497622599	OK	 
ACTION	Scenario Name	4	request_42	1402497622838	1402497622839	1402497622878	1402497622878	OK	 
ACTION	Scenario Name	1	request_44	1402497622987	1402497622988	1402497623006	1402497623006	OK	 
ACTION	Scenario Name	3	request_43	1402497623238	1402497623239	1402497623257	1402497623257	OK	 
ACTION	Scenario Name	2	request_44	1402497623487	1402497623488	1402497623506	1402497623506	OK	 
ACTION	Scenario Name	4	request_43	1402497623888	1402497623889	1402497623908	1402497623908	OK	 
ACTION	Scenario Name	1	request_45	1402497623987	1402497623989	1402497624006	1402497624006	OK	 
ACTION	Scenario Name	3	request_44	1402497624238	1402497624238	1402497624260	1402497624260	OK	 
ACTION	Scenario Name	2	request_45	1402497624488	1402497624489	1402497624524	1402497624524	OK	 
ACTION	Scenario Name	4	request_44	1402497624837	1402497624838	1402497624856	1402497624856	OK	 
ACTION	Scenario Name	1	request_46	1402497625038	1402497625039	1402497625058	1402497625058	OK	 
ACTION	Scenario Name	3	request_45	1402497625238	1402497625239	1402497625257	1402497625257	OK	 
ACTION	Scenario Name	2	request_46	1402497625538	1402497625539	1402497625558	1402497625558	OK	 
ACTION	Scenario Name	4	request_45	1402497625838	1402497625839	1402497625858	1402497625858	OK	 
ACTION	Scenario Name	1	request_47	1402497625988	1402497625989	1402497626025	1402497626025	OK	 
ACTION	Scenario Name	3	request_46	1402497626289	1402497626289	1402497626307	1402497626307	OK	 
ACTION	Scenario Name	2	request_47	1402497626538	1402497626539	1402497626555	1402497626556	OK	 
ACTION	Scenario Name	4	request_46	1402497626888	1402497626889	1402497626904	1402497626904	OK	 
ACTION	Scenario Name	1	request_48	1402497627038	1402497627038	1402497627055	1402497627055	OK	 
ACTION	Scenario Name	3	request_47	1402497627237	1402497627237	1402497627288	1402497627288	OK	 
ACTION	Scenario Name	1	request_49	1402497627237	1402497627238	1402497627289	1402497627289	OK	 
ACTION	Scenario Name	2	request_48	1402497627537	1402497627537	1402497627554	1402497627554	OK	 
ACTION	Scenario Name	2	request_49	1402497627787	1402497627788	1402497627808	1402497627808	OK	 
ACTION	Scenario Name	4	request_47	1402497627837	1402497627837	1402497627855	1402497627855	OK	 
ACTION	Scenario Name	1	request_50	1402497628237	1402497628238	1402497628256	1402497628257	OK	 
ACTION	Scenario Name	3	request_48	1402497628288	1402497628288	1402497628307	1402497628308	OK	 
ACTION	Scenario Name	3	request_49	1402497628537	1402497628538	1402497628631	1402497628632	OK	 
ACTION	Scenario Name	2	request_50	1402497628738	1402497628738	1402497628755	1402497628755	OK	 
ACTION	Scenario Name	4	request_48	1402497628838	1402497628838	1402497628854	1402497628854	OK	 
ACTION	Scenario Name	4	request_49	1402497629088	1402497629089	1402497629105	1402497629105	OK	 
ACTION	Scenario Name	1	request_51	1402497629287	1402497629288	1402497629301	1402497629301	OK	 
ACTION	Scenario Name	3	request_50	1402497629538	1402497629539	1402497629556	1402497629556	OK	 
ACTION	Scenario Name	2	request_51	1402497629738	1402497629739	1402497629753	1402497629753	OK	 
ACTION	Scenario Name	4	request_50	1402497630038	1402497630039	1402497630054	1402497630054	OK	 
ACTION	Scenario Name	1	request_52	1402497630288	1402497630289	1402497630318	1402497630318	OK	 
ACTION	Scenario Name	3	request_51	1402497630588	1402497630589	1402497630605	1402497630605	OK	 
ACTION	Scenario Name	2	request_52	1402497630788	1402497630788	1402497630804	1402497630804	OK	 
ACTION	Scenario Name	4	request_51	1402497631038	1402497631039	1402497631054	1402497631054	OK	 
SCENARIO	Scenario Name	1	END	1402497631237
ACTION	Scenario Name	3	request_52	1402497631588	1402497631589	1402497631605	1402497631605	OK	 
SCENARIO	Scenario Name	2	END	1402497631736
ACTION	Scenario Name	4	request_52	1402497632088	1402497632089	1402497632121	1402497632121	OK	 
SCENARIO	Scenario Name	3	END	1402497632537
SCENARIO	Scenario Name	4	END	1402497633037
