RUN	20140611163536	completeuserscenario	 
SCENARIO	Scenario Name	1	START	1402497337546
ACTION	Scenario Name	1	user validation	1402497337566	1402497337566	1402497337580	1402497337581	OK	 
ACTION	Scenario Name	1	signup	1402497338599	1402497338600	1402497338609	1402497338610	OK	 
ACTION	Scenario Name	1	signin	1402497338698	1402497338701	1402497338708	1402497338709	OK	 
ACTION	Scenario Name	1	request_23	1402497338899	1402497338900	1402497338909	1402497338910	OK	 
ACTION	Scenario Name	1	request_24	1402497338911	1402497338912	1402497338919	1402497338919	OK	 
ACTION	Scenario Name	1	request_25	1402497338921	1402497338921	1402497338939	1402497338940	OK	 
SCENARIO	Scenario Name	2	START	1402497347544
ACTION	Scenario Name	2	user validation	1402497347546	1402497347549	1402497347554	1402497347554	OK	 
ACTION	Scenario Name	2	signup	1402497348595	1402497348597	1402497348606	1402497348607	OK	 
ACTION	Scenario Name	2	signin	1402497348644	1402497348646	1402497348654	1402497348655	OK	 
ACTION	Scenario Name	2	request_23	1402497348845	1402497348847	1402497348858	1402497348858	OK	 
ACTION	Scenario Name	2	request_24	1402497348860	1402497348861	1402497348868	1402497348869	OK	 
ACTION	Scenario Name	2	request_25	1402497348870	1402497348870	1402497348878	1402497348879	OK	 
ACTION	Scenario Name	1	request_26	1402497356896	1402497356897	1402497356917	1402497356920	OK	 
ACTION	Scenario Name	1	request_27	1402497357046	1402497357046	1402497357055	1402497357056	OK	 
ACTION	Scenario Name	1	request_28	1402497357057	1402497357060	1402497357068	1402497357068	OK	 
SCENARIO	Scenario Name	1	END	1402497357069
ACTION	Scenario Name	2	request_26	1402497366896	1402497366898	1402497366925	1402497366926	OK	 
ACTION	Scenario Name	2	request_27	1402497366995	1402497366996	1402497367004	1402497367004	OK	 
ACTION	Scenario Name	2	request_28	1402497367006	1402497367007	1402497367015	1402497367015	OK	 
SCENARIO	Scenario Name	2	END	1402497367016
