RUN	20140612150824	completeuserscenario	 
SCENARIO	Scenario Name	1	START	1402578505203
ACTION	Scenario Name	1	user validation	1402578505227	1402578505270	1402578505317	1402578505320	OK	 
ACTION	Scenario Name	1	user validation Redirect 1	1402578505329	1402578505873	1402578505999	1402578506000	KO	Check 'in' failed, found 500 but expected List(200, 201, 202, 203, 204, 205, 206, 207, 208, 209, 210, 304)
ACTION	Scenario Name	1	signup	1402578507022	1402578507024	1402578507072	1402578507072	OK	 
ACTION	Scenario Name	1	signup Redirect 1	1402578507072	1402578507074	1402578507167	1402578507167	KO	Check 'in' failed, found 401 but expected List(200, 201, 202, 203, 204, 205, 206, 207, 208, 209, 210, 304)
ACTION	Scenario Name	1	signin	1402578507220	1402578507223	1402578507269	1402578507269	OK	 
ACTION	Scenario Name	1	signin Redirect 1	1402578507270	1402578507271	1402578507325	1402578507325	KO	Check 'in' failed, found 405 but expected List(200, 201, 202, 203, 204, 205, 206, 207, 208, 209, 210, 304)
ACTION	Scenario Name	1	coachmessages signup	1402578507331	1402578507332	1402578507378	1402578507379	OK	 
ACTION	Scenario Name	1	coachmessages signup Redirect 1	1402578507379	1402578507381	1402578507452	1402578507453	OK	 
ACTION	Scenario Name	1	coachmessages home	1402578507456	1402578507457	1402578507503	1402578507503	OK	 
ACTION	Scenario Name	1	coachmessages home Redirect 1	1402578507504	1402578507505	1402578507568	1402578507569	OK	 
ACTION	Scenario Name	1	notifications	1402578507570	1402578507571	1402578507618	1402578507618	OK	 
ACTION	Scenario Name	1	notifications Redirect 1	1402578507618	1402578507620	1402578507693	1402578507693	KO	Check 'in' failed, found 401 but expected List(200, 201, 202, 203, 204, 205, 206, 207, 208, 209, 210, 304)
ACTION	Scenario Name	1	activityoffers	1402578525718	1402578525720	1402578525770	1402578525770	OK	 
ACTION	Scenario Name	1	activityoffers Redirect 1	1402578525770	1402578525772	1402578525923	1402578525925	OK	 
ACTION	Scenario Name	1	coachmessages select	1402578526018	1402578526019	1402578526065	1402578526065	OK	 
ACTION	Scenario Name	1	coachmessages select Redirect 1	1402578526066	1402578526067	1402578526160	1402578526160	KO	Check 'in' failed, found 500 but expected List(200, 201, 202, 203, 204, 205, 206, 207, 208, 209, 210, 304)
ACTION	Scenario Name	1	notifications	1402578526162	1402578526163	1402578526209	1402578526209	OK	 
ACTION	Scenario Name	1	notifications Redirect 1	1402578526210	1402578526211	1402578526279	1402578526279	KO	Check 'in' failed, found 401 but expected List(200, 201, 202, 203, 204, 205, 206, 207, 208, 209, 210, 304)
ACTION	Scenario Name	1	assessment result newest	1402578528268	1402578528270	1402578528318	1402578528318	OK	 
ACTION	Scenario Name	1	assessment result newest Redirect 1	1402578528319	1402578528320	1402578528394	1402578528394	KO	Check 'in' failed, found 401 but expected List(200, 201, 202, 203, 204, 205, 206, 207, 208, 209, 210, 304)
ACTION	Scenario Name	1	assessment	1402578528419	1402578528420	1402578528466	1402578528466	OK	 
ACTION	Scenario Name	1	assessment Redirect 1	1402578528467	1402578528469	1402578528617	1402578528620	OK	 
ACTION	Scenario Name	1	notifications	1402578528819	1402578528820	1402578528866	1402578528867	OK	 
ACTION	Scenario Name	1	notifications Redirect 1	1402578528867	1402578528869	1402578528938	1402578528938	KO	Check 'in' failed, found 401 but expected List(200, 201, 202, 203, 204, 205, 206, 207, 208, 209, 210, 304)
ACTION	Scenario Name	1	coachmessages check	1402578528940	1402578528941	1402578528987	1402578528987	OK	 
ACTION	Scenario Name	1	coachmessages check Redirect 1	1402578528987	1402578528989	1402578529048	1402578529049	OK	 
ACTION	Scenario Name	1	assessment result answer	1402578530069	1402578530076	1402578530117	1402578530117	OK	 
ACTION	Scenario Name	1	assessment result answer Redirect 1	1402578530117	1402578530118	1402578530171	1402578530171	KO	Check 'in' failed, found 405 but expected List(200, 201, 202, 203, 204, 205, 206, 207, 208, 209, 210, 304)
ACTION	Scenario Name	1	assessment result answer	1402578531168	1402578531170	1402578531217	1402578531217	OK	 
ACTION	Scenario Name	1	assessment result answer Redirect 1	1402578531218	1402578531219	1402578531274	1402578531274	KO	Check 'in' failed, found 405 but expected List(200, 201, 202, 203, 204, 205, 206, 207, 208, 209, 210, 304)
ACTION	Scenario Name	1	assessment result answer	1402578532269	1402578532270	1402578532317	1402578532317	OK	 
ACTION	Scenario Name	1	assessment result answer Redirect 1	1402578532317	1402578532319	1402578532372	1402578532372	KO	Check 'in' failed, found 405 but expected List(200, 201, 202, 203, 204, 205, 206, 207, 208, 209, 210, 304)
ACTION	Scenario Name	1	assessment result answer	1402578533369	1402578533370	1402578533418	1402578533418	OK	 
ACTION	Scenario Name	1	assessment result answer Redirect 1	1402578533419	1402578533420	1402578533472	1402578533472	KO	Check 'in' failed, found 405 but expected List(200, 201, 202, 203, 204, 205, 206, 207, 208, 209, 210, 304)
ACTION	Scenario Name	1	assessment result answer	1402578534468	1402578534469	1402578534517	1402578534517	OK	 
ACTION	Scenario Name	1	assessment result answer Redirect 1	1402578534517	1402578534518	1402578534597	1402578534597	KO	Check 'in' failed, found 405 but expected List(200, 201, 202, 203, 204, 205, 206, 207, 208, 209, 210, 304)
ACTION	Scenario Name	1	assessment result answer	1402578535619	1402578535620	1402578535667	1402578535667	OK	 
ACTION	Scenario Name	1	assessment result answer Redirect 1	1402578535667	1402578535668	1402578535718	1402578535718	KO	Check 'in' failed, found 405 but expected List(200, 201, 202, 203, 204, 205, 206, 207, 208, 209, 210, 304)
ACTION	Scenario Name	1	assessment result answer	1402578536718	1402578536719	1402578536766	1402578536766	OK	 
ACTION	Scenario Name	1	assessment result answer Redirect 1	1402578536767	1402578536767	1402578536819	1402578536819	KO	Check 'in' failed, found 405 but expected List(200, 201, 202, 203, 204, 205, 206, 207, 208, 209, 210, 304)
ACTION	Scenario Name	1	assessment result answer	1402578537819	1402578537820	1402578537866	1402578537866	OK	 
ACTION	Scenario Name	1	assessment result answer Redirect 1	1402578537867	1402578537868	1402578537922	1402578537922	KO	Check 'in' failed, found 405 but expected List(200, 201, 202, 203, 204, 205, 206, 207, 208, 209, 210, 304)
ACTION	Scenario Name	1	assessment result answer	1402578538918	1402578538918	1402578538964	1402578538964	OK	 
ACTION	Scenario Name	1	assessment result answer Redirect 1	1402578538964	1402578538965	1402578539016	1402578539016	KO	Check 'in' failed, found 405 but expected List(200, 201, 202, 203, 204, 205, 206, 207, 208, 209, 210, 304)
ACTION	Scenario Name	1	assessment result answer	1402578540019	1402578540019	1402578540065	1402578540065	OK	 
ACTION	Scenario Name	1	assessment result answer Redirect 1	1402578540066	1402578540066	1402578540119	1402578540119	KO	Check 'in' failed, found 405 but expected List(200, 201, 202, 203, 204, 205, 206, 207, 208, 209, 210, 304)
ACTION	Scenario Name	1	assessment result answer	1402578541119	1402578541120	1402578541167	1402578541167	OK	 
ACTION	Scenario Name	1	assessment result answer Redirect 1	1402578541168	1402578541168	1402578541220	1402578541220	KO	Check 'in' failed, found 405 but expected List(200, 201, 202, 203, 204, 205, 206, 207, 208, 209, 210, 304)
ACTION	Scenario Name	1	assessment result answer	1402578542218	1402578542219	1402578542265	1402578542265	OK	 
ACTION	Scenario Name	1	assessment result answer Redirect 1	1402578542266	1402578542266	1402578542322	1402578542322	KO	Check 'in' failed, found 405 but expected List(200, 201, 202, 203, 204, 205, 206, 207, 208, 209, 210, 304)
ACTION	Scenario Name	1	assessment result answer	1402578543319	1402578543319	1402578543367	1402578543368	OK	 
ACTION	Scenario Name	1	assessment result answer Redirect 1	1402578543368	1402578543369	1402578543421	1402578543421	KO	Check 'in' failed, found 405 but expected List(200, 201, 202, 203, 204, 205, 206, 207, 208, 209, 210, 304)
ACTION	Scenario Name	1	assessment result answer	1402578544418	1402578544419	1402578544469	1402578544469	OK	 
