RUN	20140611155708	completeuserscenario	 
SCENARIO	Scenario Name	1	START	1402495030252
ACTION	Scenario Name	1	request_1	1402495030277	1402495030281	1402495030300	1402495030302	OK	 
ACTION	Scenario Name	1	request_2	1402495030332	1402495030334	1402495030339	1402495030339	OK	 
ACTION	Scenario Name	1	request_3	1402495030381	1402495030383	1402495030388	1402495030388	OK	 
ACTION	Scenario Name	1	request_4	1402495030680	1402495030682	1402495030687	1402495030689	KO	Check 'in' failed, found 409 but expected List(200, 201, 202, 203, 204, 205, 206, 207, 208, 209, 210, 304)
ACTION	Scenario Name	1	request_5	1402495031681	1402495031683	1402495031688	1402495031688	OK	 
ACTION	Scenario Name	1	request_6	1402495031781	1402495031783	1402495031788	1402495031788	OK	 
ACTION	Scenario Name	1	request_7	1402495031830	1402495031832	1402495031838	1402495031838	OK	 
ACTION	Scenario Name	1	request_8	1402495032081	1402495032083	1402495032088	1402495032088	OK	 
ACTION	Scenario Name	1	request_9	1402495033080	1402495033082	1402495033085	1402495033086	OK	 
ACTION	Scenario Name	1	request_10	1402495033931	1402495033933	1402495033935	1402495033936	OK	 
ACTION	Scenario Name	1	request_11	1402495034080	1402495034082	1402495034085	1402495034085	OK	 
ACTION	Scenario Name	1	request_12	1402495034231	1402495034233	1402495034238	1402495034238	OK	 
ACTION	Scenario Name	1	request_13	1402495034581	1402495034584	1402495034590	1402495034590	OK	 
ACTION	Scenario Name	1	request_14	1402495034681	1402495034684	1402495034688	1402495034688	OK	 
ACTION	Scenario Name	1	request_15	1402495034782	1402495034784	1402495034789	1402495034789	OK	 
ACTION	Scenario Name	1	request_16	1402495034930	1402495034933	1402495034935	1402495034935	OK	 
ACTION	Scenario Name	1	request_17	1402495035081	1402495035084	1402495035088	1402495035088	OK	 
ACTION	Scenario Name	1	request_18	1402495035229	1402495035231	1402495035235	1402495035235	OK	 
ACTION	Scenario Name	1	request_19	1402495035330	1402495035332	1402495035347	1402495035347	OK	 
ACTION	Scenario Name	1	request_20	1402495035482	1402495035484	1402495035488	1402495035489	KO	Check 'in' failed, found 409 but expected List(200, 201, 202, 203, 204, 205, 206, 207, 208, 209, 210, 304)
ACTION	Scenario Name	1	request_21	1402495042531	1402495042533	1402495042549	1402495042550	KO	Check 'in' failed, found 500 but expected List(200, 201, 202, 203, 204, 205, 206, 207, 208, 209, 210, 304)
ACTION	Scenario Name	1	request_22	1402495042584	1402495042588	1402495042595	1402495042596	KO	Check 'in' failed, found 401 but expected List(200, 201, 202, 203, 204, 205, 206, 207, 208, 209, 210, 304)
ACTION	Scenario Name	1	request_23	1402495042783	1402495042784	1402495042789	1402495042789	OK	 
ACTION	Scenario Name	1	request_24	1402495042791	1402495042791	1402495042795	1402495042795	OK	 
ACTION	Scenario Name	1	request_25	1402495042796	1402495042797	1402495042803	1402495042803	KO	Check 'in' failed, found 401 but expected List(200, 201, 202, 203, 204, 205, 206, 207, 208, 209, 210, 304)
ACTION	Scenario Name	1	request_26	1402495060781	1402495060782	1402495060795	1402495060800	OK	 
ACTION	Scenario Name	1	request_27	1402495060931	1402495060932	1402495060940	1402495060941	KO	Check 'in' failed, found 500 but expected List(200, 201, 202, 203, 204, 205, 206, 207, 208, 209, 210, 304)
ACTION	Scenario Name	1	request_28	1402495060943	1402495060943	1402495060949	1402495060949	KO	Check 'in' failed, found 401 but expected List(200, 201, 202, 203, 204, 205, 206, 207, 208, 209, 210, 304)
ACTION	Scenario Name	1	request_29	1402495062931	1402495062931	1402495062938	1402495062938	KO	Check 'in' failed, found 401 but expected List(200, 201, 202, 203, 204, 205, 206, 207, 208, 209, 210, 304)
ACTION	Scenario Name	1	request_30	1402495062940	1402495062940	1402495062981	1402495062983	OK	 
ACTION	Scenario Name	1	request_31	1402495063231	1402495063231	1402495063239	1402495063239	KO	Check 'in' failed, found 401 but expected List(200, 201, 202, 203, 204, 205, 206, 207, 208, 209, 210, 304)
ACTION	Scenario Name	1	request_32	1402495063241	1402495063241	1402495063248	1402495063248	OK	 
ACTION	Scenario Name	1	request_33	1402495064231	1402495064233	1402495064242	1402495064242	KO	Check 'in' failed, found 401 but expected List(200, 201, 202, 203, 204, 205, 206, 207, 208, 209, 210, 304)
ACTION	Scenario Name	1	request_34	1402495065180	1402495065182	1402495065189	1402495065189	KO	Check 'in' failed, found 401 but expected List(200, 201, 202, 203, 204, 205, 206, 207, 208, 209, 210, 304)
ACTION	Scenario Name	1	request_35	1402495065530	1402495065531	1402495065538	1402495065538	KO	Check 'in' failed, found 401 but expected List(200, 201, 202, 203, 204, 205, 206, 207, 208, 209, 210, 304)
ACTION	Scenario Name	1	request_36	1402495066481	1402495066483	1402495066490	1402495066490	KO	Check 'in' failed, found 401 but expected List(200, 201, 202, 203, 204, 205, 206, 207, 208, 209, 210, 304)
ACTION	Scenario Name	1	request_37	1402495066681	1402495066683	1402495066690	1402495066691	KO	Check 'in' failed, found 401 but expected List(200, 201, 202, 203, 204, 205, 206, 207, 208, 209, 210, 304)
ACTION	Scenario Name	1	request_38	1402495067631	1402495067633	1402495067641	1402495067641	KO	Check 'in' failed, found 401 but expected List(200, 201, 202, 203, 204, 205, 206, 207, 208, 209, 210, 304)
ACTION	Scenario Name	1	request_39	1402495068632	1402495068633	1402495068641	1402495068641	KO	Check 'in' failed, found 401 but expected List(200, 201, 202, 203, 204, 205, 206, 207, 208, 209, 210, 304)
ACTION	Scenario Name	1	request_40	1402495069581	1402495069582	1402495069591	1402495069591	KO	Check 'in' failed, found 401 but expected List(200, 201, 202, 203, 204, 205, 206, 207, 208, 209, 210, 304)
ACTION	Scenario Name	1	request_41	1402495070581	1402495070583	1402495070589	1402495070590	KO	Check 'in' failed, found 401 but expected List(200, 201, 202, 203, 204, 205, 206, 207, 208, 209, 210, 304)
ACTION	Scenario Name	1	request_42	1402495070830	1402495070832	1402495070837	1402495070838	KO	Check 'in' failed, found 401 but expected List(200, 201, 202, 203, 204, 205, 206, 207, 208, 209, 210, 304)
ACTION	Scenario Name	1	request_43	1402495071880	1402495071882	1402495071886	1402495071886	KO	Check 'in' failed, found 401 but expected List(200, 201, 202, 203, 204, 205, 206, 207, 208, 209, 210, 304)
ACTION	Scenario Name	1	request_44	1402495072780	1402495072781	1402495072789	1402495072789	KO	Check 'in' failed, found 401 but expected List(200, 201, 202, 203, 204, 205, 206, 207, 208, 209, 210, 304)
ACTION	Scenario Name	1	request_45	1402495073831	1402495073832	1402495073839	1402495073840	KO	Check 'in' failed, found 401 but expected List(200, 201, 202, 203, 204, 205, 206, 207, 208, 209, 210, 304)
ACTION	Scenario Name	1	request_46	1402495074831	1402495074832	1402495074839	1402495074839	KO	Check 'in' failed, found 401 but expected List(200, 201, 202, 203, 204, 205, 206, 207, 208, 209, 210, 304)
ACTION	Scenario Name	1	request_47	1402495075780	1402495075782	1402495075786	1402495075786	KO	Check 'in' failed, found 401 but expected List(200, 201, 202, 203, 204, 205, 206, 207, 208, 209, 210, 304)
ACTION	Scenario Name	1	request_48	1402495076780	1402495076781	1402495076786	1402495076787	KO	Check 'in' failed, found 401 but expected List(200, 201, 202, 203, 204, 205, 206, 207, 208, 209, 210, 304)
ACTION	Scenario Name	1	request_49	1402495077030	1402495077032	1402495077051	1402495077051	KO	Check 'in' failed, found 401 but expected List(200, 201, 202, 203, 204, 205, 206, 207, 208, 209, 210, 304)
ACTION	Scenario Name	1	request_50	1402495077980	1402495077982	1402495077988	1402495077988	KO	Check 'in' failed, found 401 but expected List(200, 201, 202, 203, 204, 205, 206, 207, 208, 209, 210, 304)
ACTION	Scenario Name	1	request_51	1402495078981	1402495078983	1402495078992	1402495078993	KO	Check 'in' failed, found 401 but expected List(200, 201, 202, 203, 204, 205, 206, 207, 208, 209, 210, 304)
ACTION	Scenario Name	1	request_52	1402495079981	1402495079983	1402495079990	1402495079991	KO	Check 'in' failed, found 401 but expected List(200, 201, 202, 203, 204, 205, 206, 207, 208, 209, 210, 304)
ACTION	Scenario Name	1	request_53	1402495080931	1402495080933	1402495080940	1402495080940	KO	Check 'in' failed, found 401 but expected List(200, 201, 202, 203, 204, 205, 206, 207, 208, 209, 210, 304)
ACTION	Scenario Name	1	request_54	1402495081930	1402495081932	1402495081938	1402495081938	KO	Check 'in' failed, found 401 but expected List(200, 201, 202, 203, 204, 205, 206, 207, 208, 209, 210, 304)
ACTION	Scenario Name	1	request_55	1402495082980	1402495082981	1402495082988	1402495082989	KO	Check 'in' failed, found 401 but expected List(200, 201, 202, 203, 204, 205, 206, 207, 208, 209, 210, 304)
ACTION	Scenario Name	1	request_56	1402495083880	1402495083882	1402495083886	1402495083887	KO	Check 'in' failed, found 401 but expected List(200, 201, 202, 203, 204, 205, 206, 207, 208, 209, 210, 304)
ACTION	Scenario Name	1	request_57	1402495084931	1402495084932	1402495084941	1402495084941	KO	Check 'in' failed, found 401 but expected List(200, 201, 202, 203, 204, 205, 206, 207, 208, 209, 210, 304)
ACTION	Scenario Name	1	request_58	1402495085832	1402495085833	1402495085841	1402495085841	KO	Check 'in' failed, found 401 but expected List(200, 201, 202, 203, 204, 205, 206, 207, 208, 209, 210, 304)
ACTION	Scenario Name	1	request_59	1402495087881	1402495087882	1402495087889	1402495087889	KO	Check 'in' failed, found 401 but expected List(200, 201, 202, 203, 204, 205, 206, 207, 208, 209, 210, 304)
ACTION	Scenario Name	1	request_60	1402495088880	1402495088882	1402495088887	1402495088887	KO	Check 'in' failed, found 401 but expected List(200, 201, 202, 203, 204, 205, 206, 207, 208, 209, 210, 304)
ACTION	Scenario Name	1	request_61	1402495089481	1402495089482	1402495089491	1402495089491	KO	Check 'in' failed, found 401 but expected List(200, 201, 202, 203, 204, 205, 206, 207, 208, 209, 210, 304)
ACTION	Scenario Name	1	request_62	1402495090480	1402495090481	1402495090489	1402495090489	KO	Check 'in' failed, found 401 but expected List(200, 201, 202, 203, 204, 205, 206, 207, 208, 209, 210, 304)
ACTION	Scenario Name	1	request_63	1402495091480	1402495091481	1402495091488	1402495091488	KO	Check 'in' failed, found 401 but expected List(200, 201, 202, 203, 204, 205, 206, 207, 208, 209, 210, 304)
ACTION	Scenario Name	1	request_64	1402495092481	1402495092482	1402495092491	1402495092491	KO	Check 'in' failed, found 401 but expected List(200, 201, 202, 203, 204, 205, 206, 207, 208, 209, 210, 304)
ACTION	Scenario Name	1	request_65	1402495093480	1402495093482	1402495093489	1402495093489	KO	Check 'in' failed, found 401 but expected List(200, 201, 202, 203, 204, 205, 206, 207, 208, 209, 210, 304)
ACTION	Scenario Name	1	request_66	1402495094481	1402495094482	1402495094487	1402495094488	KO	Check 'in' failed, found 401 but expected List(200, 201, 202, 203, 204, 205, 206, 207, 208, 209, 210, 304)
ACTION	Scenario Name	1	request_67	1402495095481	1402495095483	1402495095490	1402495095491	KO	Check 'in' failed, found 401 but expected List(200, 201, 202, 203, 204, 205, 206, 207, 208, 209, 210, 304)
ACTION	Scenario Name	1	request_68	1402495096381	1402495096383	1402495096390	1402495096390	KO	Check 'in' failed, found 401 but expected List(200, 201, 202, 203, 204, 205, 206, 207, 208, 209, 210, 304)
ACTION	Scenario Name	1	request_69	1402495096532	1402495096533	1402495096550	1402495096551	KO	Check 'in' failed, found 401 but expected List(200, 201, 202, 203, 204, 205, 206, 207, 208, 209, 210, 304)
ACTION	Scenario Name	1	request_70	1402495097432	1402495097433	1402495097440	1402495097441	KO	Check 'in' failed, found 401 but expected List(200, 201, 202, 203, 204, 205, 206, 207, 208, 209, 210, 304)
ACTION	Scenario Name	1	request_71	1402495098432	1402495098433	1402495098441	1402495098442	KO	Check 'in' failed, found 401 but expected List(200, 201, 202, 203, 204, 205, 206, 207, 208, 209, 210, 304)
ACTION	Scenario Name	1	request_72	1402495099081	1402495099083	1402495099092	1402495099092	KO	Check 'in' failed, found 401 but expected List(200, 201, 202, 203, 204, 205, 206, 207, 208, 209, 210, 304)
ACTION	Scenario Name	1	request_73	1402495100079	1402495100081	1402495100086	1402495100087	KO	Check 'in' failed, found 401 but expected List(200, 201, 202, 203, 204, 205, 206, 207, 208, 209, 210, 304)
ACTION	Scenario Name	1	request_74	1402495101080	1402495101082	1402495101091	1402495101091	KO	Check 'in' failed, found 401 but expected List(200, 201, 202, 203, 204, 205, 206, 207, 208, 209, 210, 304)
ACTION	Scenario Name	1	request_75	1402495101430	1402495101432	1402495101439	1402495101439	KO	Check 'in' failed, found 401 but expected List(200, 201, 202, 203, 204, 205, 206, 207, 208, 209, 210, 304)
ACTION	Scenario Name	1	request_76	1402495102431	1402495102432	1402495102439	1402495102439	KO	Check 'in' failed, found 401 but expected List(200, 201, 202, 203, 204, 205, 206, 207, 208, 209, 210, 304)
ACTION	Scenario Name	1	request_77	1402495103430	1402495103432	1402495103439	1402495103440	KO	Check 'in' failed, found 401 but expected List(200, 201, 202, 203, 204, 205, 206, 207, 208, 209, 210, 304)
ACTION	Scenario Name	1	request_78	1402495103781	1402495103782	1402495103790	1402495103790	KO	Check 'in' failed, found 401 but expected List(200, 201, 202, 203, 204, 205, 206, 207, 208, 209, 210, 304)
ACTION	Scenario Name	1	request_79	1402495105830	1402495105831	1402495105838	1402495105838	KO	Check 'in' failed, found 401 but expected List(200, 201, 202, 203, 204, 205, 206, 207, 208, 209, 210, 304)
ACTION	Scenario Name	1	request_80	1402495106832	1402495106833	1402495106841	1402495106841	KO	Check 'in' failed, found 401 but expected List(200, 201, 202, 203, 204, 205, 206, 207, 208, 209, 210, 304)
ACTION	Scenario Name	1	request_81	1402495107681	1402495107683	1402495107690	1402495107691	KO	Check 'in' failed, found 401 but expected List(200, 201, 202, 203, 204, 205, 206, 207, 208, 209, 210, 304)
ACTION	Scenario Name	1	request_82	1402495108432	1402495108433	1402495108440	1402495108441	KO	Check 'in' failed, found 401 but expected List(200, 201, 202, 203, 204, 205, 206, 207, 208, 209, 210, 304)
ACTION	Scenario Name	1	request_83	1402495109281	1402495109283	1402495109290	1402495109290	KO	Check 'in' failed, found 401 but expected List(200, 201, 202, 203, 204, 205, 206, 207, 208, 209, 210, 304)
ACTION	Scenario Name	1	request_84	1402495110279	1402495110280	1402495110286	1402495110286	KO	Check 'in' failed, found 401 but expected List(200, 201, 202, 203, 204, 205, 206, 207, 208, 209, 210, 304)
ACTION	Scenario Name	1	request_85	1402495110331	1402495110332	1402495110339	1402495110340	KO	Check 'in' failed, found 401 but expected List(200, 201, 202, 203, 204, 205, 206, 207, 208, 209, 210, 304)
ACTION	Scenario Name	1	request_86	1402495111380	1402495111381	1402495111386	1402495111387	KO	Check 'in' failed, found 401 but expected List(200, 201, 202, 203, 204, 205, 206, 207, 208, 209, 210, 304)
ACTION	Scenario Name	1	request_87	1402495112381	1402495112383	1402495112391	1402495112391	KO	Check 'in' failed, found 401 but expected List(200, 201, 202, 203, 204, 205, 206, 207, 208, 209, 210, 304)
ACTION	Scenario Name	1	request_88	1402495112982	1402495112983	1402495112990	1402495113004	KO	Check 'in' failed, found 401 but expected List(200, 201, 202, 203, 204, 205, 206, 207, 208, 209, 210, 304)
ACTION	Scenario Name	1	request_89	1402495114981	1402495114981	1402495114989	1402495114989	KO	Check 'in' failed, found 401 but expected List(200, 201, 202, 203, 204, 205, 206, 207, 208, 209, 210, 304)
ACTION	Scenario Name	1	request_90	1402495115030	1402495115031	1402495115039	1402495115039	KO	Check 'in' failed, found 401 but expected List(200, 201, 202, 203, 204, 205, 206, 207, 208, 209, 210, 304)
ACTION	Scenario Name	1	request_91	1402495115182	1402495115182	1402495115191	1402495115191	KO	Check 'in' failed, found 401 but expected List(200, 201, 202, 203, 204, 205, 206, 207, 208, 209, 210, 304)
ACTION	Scenario Name	1	request_92	1402495115192	1402495115193	1402495115198	1402495115199	KO	Check 'in' failed, found 500 but expected List(200, 201, 202, 203, 204, 205, 206, 207, 208, 209, 210, 304)
ACTION	Scenario Name	1	request_93	1402495119181	1402495119181	1402495119190	1402495119191	KO	Check 'in' failed, found 401 but expected List(200, 201, 202, 203, 204, 205, 206, 207, 208, 209, 210, 304)
ACTION	Scenario Name	1	request_94	1402495119192	1402495119193	1402495119198	1402495119199	KO	Check 'in' failed, found 401 but expected List(200, 201, 202, 203, 204, 205, 206, 207, 208, 209, 210, 304)
ACTION	Scenario Name	1	request_95	1402495119481	1402495119483	1402495119490	1402495119491	KO	Check 'in' failed, found 401 but expected List(200, 201, 202, 203, 204, 205, 206, 207, 208, 209, 210, 304)
ACTION	Scenario Name	1	request_96	1402495120080	1402495120080	1402495120088	1402495120089	KO	Check 'in' failed, found 401 but expected List(200, 201, 202, 203, 204, 205, 206, 207, 208, 209, 210, 304)
ACTION	Scenario Name	1	request_97	1402495120090	1402495120091	1402495120098	1402495120098	KO	Check 'in' failed, found 401 but expected List(200, 201, 202, 203, 204, 205, 206, 207, 208, 209, 210, 304)
ACTION	Scenario Name	1	request_98	1402495120431	1402495120433	1402495120440	1402495120440	KO	Check 'in' failed, found 401 but expected List(200, 201, 202, 203, 204, 205, 206, 207, 208, 209, 210, 304)
ACTION	Scenario Name	1	request_99	1402495133480	1402495133482	1402495133490	1402495133490	KO	Check 'in' failed, found 401 but expected List(200, 201, 202, 203, 204, 205, 206, 207, 208, 209, 210, 304)
ACTION	Scenario Name	1	request_100	1402495133731	1402495133731	1402495133748	1402495133749	OK	 
ACTION	Scenario Name	1	request_101	1402495133979	1402495133979	1402495133985	1402495133986	KO	Check 'in' failed, found 500 but expected List(200, 201, 202, 203, 204, 205, 206, 207, 208, 209, 210, 304)
ACTION	Scenario Name	1	request_102	1402495133987	1402495133987	1402495133992	1402495133993	KO	Check 'in' failed, found 401 but expected List(200, 201, 202, 203, 204, 205, 206, 207, 208, 209, 210, 304)
ACTION	Scenario Name	1	request_103	1402495135981	1402495135981	1402495135990	1402495135990	OK	 
ACTION	Scenario Name	1	request_104	1402495136132	1402495136133	1402495136143	1402495136144	KO	Check 'in' failed, found 401 but expected List(200, 201, 202, 203, 204, 205, 206, 207, 208, 209, 210, 304)
ACTION	Scenario Name	1	request_105	1402495136146	1402495136147	1402495136152	1402495136153	OK	 
ACTION	Scenario Name	1	request_106	1402495137181	1402495137183	1402495137190	1402495137190	KO	Check 'in' failed, found 401 but expected List(200, 201, 202, 203, 204, 205, 206, 207, 208, 209, 210, 304)
ACTION	Scenario Name	1	request_107	1402495138180	1402495138182	1402495138203	1402495138203	KO	Check 'in' failed, found 401 but expected List(200, 201, 202, 203, 204, 205, 206, 207, 208, 209, 210, 304)
ACTION	Scenario Name	1	request_108	1402495145181	1402495145182	1402495145190	1402495145191	KO	Check 'in' failed, found 401 but expected List(200, 201, 202, 203, 204, 205, 206, 207, 208, 209, 210, 304)
ACTION	Scenario Name	1	request_109	1402495145281	1402495145283	1402495145288	1402495145288	KO	Check 'in' failed, found 401 but expected List(200, 201, 202, 203, 204, 205, 206, 207, 208, 209, 210, 304)
ACTION	Scenario Name	1	request_110	1402495145430	1402495145430	1402495145440	1402495145440	KO	Check 'in' failed, found 401 but expected List(200, 201, 202, 203, 204, 205, 206, 207, 208, 209, 210, 304)
ACTION	Scenario Name	1	request_111	1402495145680	1402495145681	1402495145687	1402495145688	KO	Check 'in' failed, found 401 but expected List(200, 201, 202, 203, 204, 205, 206, 207, 208, 209, 210, 304)
ACTION	Scenario Name	1	request_112	1402495146331	1402495146333	1402495146369	1402495146369	KO	Check 'in' failed, found 401 but expected List(200, 201, 202, 203, 204, 205, 206, 207, 208, 209, 210, 304)
ACTION	Scenario Name	1	request_113	1402495146531	1402495146533	1402495146539	1402495146540	KO	Check 'in' failed, found 401 but expected List(200, 201, 202, 203, 204, 205, 206, 207, 208, 209, 210, 304)
ACTION	Scenario Name	1	request_114	1402495146781	1402495146783	1402495146789	1402495146789	KO	Check 'in' failed, found 401 but expected List(200, 201, 202, 203, 204, 205, 206, 207, 208, 209, 210, 304)
ACTION	Scenario Name	1	request_115	1402495155781	1402495155782	1402495155788	1402495155788	KO	Check 'in' failed, found 401 but expected List(200, 201, 202, 203, 204, 205, 206, 207, 208, 209, 210, 304)
ACTION	Scenario Name	1	request_116	1402495156330	1402495156331	1402495156337	1402495156338	KO	Check 'in' failed, found 401 but expected List(200, 201, 202, 203, 204, 205, 206, 207, 208, 209, 210, 304)
ACTION	Scenario Name	1	request_117	1402495157330	1402495157332	1402495157337	1402495157338	KO	Check 'in' failed, found 401 but expected List(200, 201, 202, 203, 204, 205, 206, 207, 208, 209, 210, 304)
ACTION	Scenario Name	1	request_118	1402495158380	1402495158380	1402495158392	1402495158393	OK	 
ACTION	Scenario Name	1	request_119	1402495158580	1402495158581	1402495158587	1402495158587	KO	Check 'in' failed, found 500 but expected List(200, 201, 202, 203, 204, 205, 206, 207, 208, 209, 210, 304)
ACTION	Scenario Name	1	request_120	1402495158589	1402495158589	1402495158593	1402495158593	KO	Check 'in' failed, found 401 but expected List(200, 201, 202, 203, 204, 205, 206, 207, 208, 209, 210, 304)
ACTION	Scenario Name	1	request_121	1402495162632	1402495162632	1402495162643	1402495162644	OK	 
ACTION	Scenario Name	1	request_122	1402495162731	1402495162732	1402495162736	1402495162737	OK	 
ACTION	Scenario Name	1	request_123	1402495162738	1402495162738	1402495162742	1402495162743	KO	Check 'in' failed, found 401 but expected List(200, 201, 202, 203, 204, 205, 206, 207, 208, 209, 210, 304)
ACTION	Scenario Name	1	request_124	1402495163682	1402495163684	1402495163690	1402495163691	KO	Check 'in' failed, found 401 but expected List(200, 201, 202, 203, 204, 205, 206, 207, 208, 209, 210, 304)
ACTION	Scenario Name	1	request_125	1402495164731	1402495164733	1402495164739	1402495164739	KO	Check 'in' failed, found 401 but expected List(200, 201, 202, 203, 204, 205, 206, 207, 208, 209, 210, 304)
ACTION	Scenario Name	1	request_126	1402495165731	1402495165732	1402495165739	1402495165739	KO	Check 'in' failed, found 401 but expected List(200, 201, 202, 203, 204, 205, 206, 207, 208, 209, 210, 304)
ACTION	Scenario Name	1	request_127	1402495165831	1402495165832	1402495165838	1402495165838	KO	Check 'in' failed, found 401 but expected List(200, 201, 202, 203, 204, 205, 206, 207, 208, 209, 210, 304)
ACTION	Scenario Name	1	request_128	1402495166081	1402495166082	1402495166087	1402495166088	KO	Check 'in' failed, found 401 but expected List(200, 201, 202, 203, 204, 205, 206, 207, 208, 209, 210, 304)
ACTION	Scenario Name	1	request_129	1402495166781	1402495166782	1402495166788	1402495166788	KO	Check 'in' failed, found 401 but expected List(200, 201, 202, 203, 204, 205, 206, 207, 208, 209, 210, 304)
ACTION	Scenario Name	1	request_130	1402495166931	1402495166932	1402495166938	1402495166938	KO	Check 'in' failed, found 401 but expected List(200, 201, 202, 203, 204, 205, 206, 207, 208, 209, 210, 304)
ACTION	Scenario Name	1	request_131	1402495167181	1402495167182	1402495167188	1402495167188	KO	Check 'in' failed, found 401 but expected List(200, 201, 202, 203, 204, 205, 206, 207, 208, 209, 210, 304)
ACTION	Scenario Name	1	request_132	1402495167630	1402495167630	1402495167642	1402495167642	OK	 
ACTION	Scenario Name	1	request_133	1402495167780	1402495167781	1402495167786	1402495167786	KO	Check 'in' failed, found 500 but expected List(200, 201, 202, 203, 204, 205, 206, 207, 208, 209, 210, 304)
ACTION	Scenario Name	1	request_134	1402495167787	1402495167788	1402495167793	1402495167793	KO	Check 'in' failed, found 401 but expected List(200, 201, 202, 203, 204, 205, 206, 207, 208, 209, 210, 304)
ACTION	Scenario Name	1	request_135	1402495179831	1402495179832	1402495179849	1402495179850	KO	Check 'in' failed, found 401 but expected List(200, 201, 202, 203, 204, 205, 206, 207, 208, 209, 210, 304)
ACTION	Scenario Name	1	request_136	1402495180181	1402495180181	1402495180186	1402495180186	OK	 
