RUN	20140612145349	completeuserscenario	 
SCENARIO	Scenario Name	1	START	1402577630482
ACTION	Scenario Name	1	user validation	1402577630508	1402577630508	1402577630526	1402577630529	OK	 
SCENARIO	Scenario Name	2	START	1402577631131
ACTION	Scenario Name	2	user validation	1402577631132	1402577631135	1402577631142	1402577631142	OK	 
ACTION	Scenario Name	1	signup	1402577631585	1402577631586	1402577631602	1402577631603	OK	 
ACTION	Scenario Name	1	signin	1402577631633	1402577631635	1402577631644	1402577631644	OK	 
ACTION	Scenario Name	1	coachmessages signup	1402577631676	1402577631677	1402577631687	1402577631687	OK	 
ACTION	Scenario Name	1	coachmessages home	1402577631688	1402577631689	1402577631698	1402577631699	OK	 
ACTION	Scenario Name	1	notifications	1402577631700	1402577631701	1402577631711	1402577631711	OK	 
SCENARIO	Scenario Name	3	START	1402577631780
ACTION	Scenario Name	3	user validation	1402577631781	1402577631783	1402577631789	1402577631789	OK	 
ACTION	Scenario Name	2	signup	1402577632181	1402577632182	1402577632193	1402577632194	OK	 
ACTION	Scenario Name	2	signin	1402577632232	1402577632233	1402577632242	1402577632242	OK	 
ACTION	Scenario Name	2	coachmessages signup	1402577632244	1402577632250	1402577632254	1402577632254	OK	 
ACTION	Scenario Name	2	coachmessages home	1402577632256	1402577632257	1402577632266	1402577632267	OK	 
ACTION	Scenario Name	2	notifications	1402577632268	1402577632269	1402577632280	1402577632280	OK	 
SCENARIO	Scenario Name	4	START	1402577632480
ACTION	Scenario Name	4	user validation	1402577632481	1402577632482	1402577632489	1402577632490	OK	 
ACTION	Scenario Name	3	signup	1402577632831	1402577632833	1402577632843	1402577632844	OK	 
ACTION	Scenario Name	3	signin	1402577632880	1402577632882	1402577632891	1402577632892	OK	 
ACTION	Scenario Name	3	coachmessages signup	1402577632893	1402577632894	1402577632924	1402577632924	OK	 
ACTION	Scenario Name	3	coachmessages home	1402577632925	1402577632930	1402577632938	1402577632938	OK	 
ACTION	Scenario Name	3	notifications	1402577632939	1402577632940	1402577632953	1402577632954	OK	 
ACTION	Scenario Name	4	signup	1402577633533	1402577633534	1402577633545	1402577633545	OK	 
ACTION	Scenario Name	4	signin	1402577633582	1402577633583	1402577633590	1402577633591	OK	 
ACTION	Scenario Name	4	coachmessages signup	1402577633593	1402577633594	1402577633603	1402577633603	OK	 
ACTION	Scenario Name	4	coachmessages home	1402577633605	1402577633605	1402577633614	1402577633614	OK	 
ACTION	Scenario Name	4	notifications	1402577633615	1402577633615	1402577633624	1402577633624	OK	 
ACTION	Scenario Name	1	activityoffers	1402577649680	1402577649681	1402577649698	1402577649701	OK	 
ACTION	Scenario Name	1	coachmessages select	1402577649782	1402577649782	1402577649791	1402577649792	OK	 
ACTION	Scenario Name	1	notifications	1402577649793	1402577649793	1402577649801	1402577649801	OK	 
ACTION	Scenario Name	2	activityoffers	1402577650282	1402577650283	1402577650299	1402577650300	OK	 
ACTION	Scenario Name	2	coachmessages select	1402577650382	1402577650383	1402577650392	1402577650392	OK	 
ACTION	Scenario Name	2	notifications	1402577650394	1402577650394	1402577650412	1402577650413	OK	 
ACTION	Scenario Name	3	activityoffers	1402577650982	1402577650983	1402577650999	1402577651000	OK	 
ACTION	Scenario Name	3	coachmessages select	1402577651081	1402577651081	1402577651091	1402577651091	OK	 
ACTION	Scenario Name	3	notifications	1402577651092	1402577651093	1402577651101	1402577651101	OK	 
ACTION	Scenario Name	4	activityoffers	1402577651632	1402577651632	1402577651648	1402577651649	OK	 
ACTION	Scenario Name	4	coachmessages select	1402577651732	1402577651733	1402577651742	1402577651743	OK	 
ACTION	Scenario Name	4	notifications	1402577651744	1402577651744	1402577651751	1402577651751	OK	 
ACTION	Scenario Name	1	assessment result newest	1402577651832	1402577651833	1402577651841	1402577651841	OK	 
ACTION	Scenario Name	1	assessment	1402577651843	1402577651843	1402577651883	1402577651884	OK	 
ACTION	Scenario Name	1	notifications	1402577652131	1402577652132	1402577652144	1402577652145	OK	 
ACTION	Scenario Name	1	coachmessages check	1402577652146	1402577652146	1402577652153	1402577652153	OK	 
ACTION	Scenario Name	2	assessment result newest	1402577652432	1402577652432	1402577652441	1402577652441	OK	 
ACTION	Scenario Name	2	assessment	1402577652442	1402577652442	1402577652467	1402577652478	OK	 
ACTION	Scenario Name	2	notifications	1402577652681	1402577652681	1402577652689	1402577652690	OK	 
ACTION	Scenario Name	2	coachmessages check	1402577652691	1402577652691	1402577652698	1402577652698	OK	 
ACTION	Scenario Name	3	assessment result newest	1402577653080	1402577653081	1402577653089	1402577653089	OK	 
ACTION	Scenario Name	3	assessment	1402577653132	1402577653133	1402577653165	1402577653171	OK	 
ACTION	Scenario Name	1	assessment result answer	1402577653133	1402577653141	1402577653172	1402577653172	OK	 
ACTION	Scenario Name	3	notifications	1402577653381	1402577653381	1402577653391	1402577653392	OK	 
ACTION	Scenario Name	3	coachmessages check	1402577653393	1402577653393	1402577653400	1402577653400	OK	 
ACTION	Scenario Name	2	assessment result answer	1402577653732	1402577653733	1402577653753	1402577653753	OK	 
ACTION	Scenario Name	4	assessment result newest	1402577653782	1402577653783	1402577653792	1402577653792	OK	 
ACTION	Scenario Name	4	assessment	1402577653793	1402577653793	1402577653819	1402577653820	OK	 
ACTION	Scenario Name	4	notifications	1402577654032	1402577654033	1402577654043	1402577654043	OK	 
ACTION	Scenario Name	4	coachmessages check	1402577654044	1402577654044	1402577654051	1402577654051	OK	 
ACTION	Scenario Name	1	assessment result answer	1402577654182	1402577654183	1402577654195	1402577654195	OK	 
ACTION	Scenario Name	3	assessment result answer	1402577654382	1402577654383	1402577654404	1402577654405	OK	 
ACTION	Scenario Name	2	assessment result answer	1402577654733	1402577654733	1402577654744	1402577654745	OK	 
ACTION	Scenario Name	4	assessment result answer	1402577655033	1402577655033	1402577655044	1402577655044	OK	 
ACTION	Scenario Name	1	assessment result answer	1402577655182	1402577655183	1402577655195	1402577655195	OK	 
ACTION	Scenario Name	3	assessment result answer	1402577655433	1402577655433	1402577655445	1402577655445	OK	 
ACTION	Scenario Name	2	assessment result answer	1402577655782	1402577655783	1402577655794	1402577655794	OK	 
ACTION	Scenario Name	4	assessment result answer	1402577656082	1402577656083	1402577656094	1402577656094	OK	 
ACTION	Scenario Name	1	assessment result answer	1402577656182	1402577656183	1402577656194	1402577656195	OK	 
ACTION	Scenario Name	3	assessment result answer	1402577656432	1402577656433	1402577656445	1402577656445	OK	 
ACTION	Scenario Name	2	assessment result answer	1402577656782	1402577656783	1402577656794	1402577656794	OK	 
ACTION	Scenario Name	4	assessment result answer	1402577657082	1402577657083	1402577657095	1402577657095	OK	 
ACTION	Scenario Name	1	assessment result answer	1402577657232	1402577657232	1402577657268	1402577657268	OK	 
ACTION	Scenario Name	3	assessment result answer	1402577657431	1402577657433	1402577657446	1402577657446	OK	 
ACTION	Scenario Name	2	assessment result answer	1402577657782	1402577657783	1402577657797	1402577657797	OK	 
ACTION	Scenario Name	4	assessment result answer	1402577658082	1402577658083	1402577658097	1402577658097	OK	 
ACTION	Scenario Name	1	assessment result answer	1402577658231	1402577658232	1402577658243	1402577658243	OK	 
ACTION	Scenario Name	3	assessment result answer	1402577658482	1402577658482	1402577658495	1402577658495	OK	 
ACTION	Scenario Name	2	assessment result answer	1402577658782	1402577658783	1402577658795	1402577658796	OK	 
ACTION	Scenario Name	4	assessment result answer	1402577659082	1402577659083	1402577659095	1402577659096	OK	 
ACTION	Scenario Name	1	assessment result answer	1402577659282	1402577659283	1402577659296	1402577659296	OK	 
ACTION	Scenario Name	3	assessment result answer	1402577659482	1402577659483	1402577659510	1402577659510	OK	 
ACTION	Scenario Name	2	assessment result answer	1402577659832	1402577659833	1402577659858	1402577659858	OK	 
ACTION	Scenario Name	4	assessment result answer	1402577660131	1402577660131	1402577660144	1402577660144	OK	 
ACTION	Scenario Name	1	assessment result answer	1402577660282	1402577660283	1402577660296	1402577660296	OK	 
ACTION	Scenario Name	3	assessment result answer	1402577660481	1402577660482	1402577660499	1402577660499	OK	 
ACTION	Scenario Name	2	assessment result answer	1402577660832	1402577660832	1402577660847	1402577660847	OK	 
ACTION	Scenario Name	4	assessment result answer	1402577661132	1402577661133	1402577661147	1402577661147	OK	 
ACTION	Scenario Name	1	assessment result answer	1402577661282	1402577661283	1402577661296	1402577661296	OK	 
ACTION	Scenario Name	3	assessment result answer	1402577661532	1402577661532	1402577661546	1402577661546	OK	 
ACTION	Scenario Name	2	assessment result answer	1402577661881	1402577661881	1402577661893	1402577661893	OK	 
ACTION	Scenario Name	4	assessment result answer	1402577662132	1402577662132	1402577662148	1402577662148	OK	 
ACTION	Scenario Name	1	assessment result answer	1402577662331	1402577662332	1402577662363	1402577662363	OK	 
ACTION	Scenario Name	3	assessment result answer	1402577662532	1402577662533	1402577662547	1402577662547	OK	 
ACTION	Scenario Name	2	assessment result answer	1402577662880	1402577662881	1402577662895	1402577662895	OK	 
ACTION	Scenario Name	4	assessment result answer	1402577663181	1402577663182	1402577663193	1402577663193	OK	 
ACTION	Scenario Name	1	assessment result answer	1402577663332	1402577663333	1402577663346	1402577663347	OK	 
ACTION	Scenario Name	3	assessment result answer	1402577663532	1402577663533	1402577663547	1402577663548	OK	 
ACTION	Scenario Name	2	assessment result answer	1402577663881	1402577663882	1402577663895	1402577663895	OK	 
ACTION	Scenario Name	4	assessment result answer	1402577664181	1402577664182	1402577664198	1402577664198	OK	 
ACTION	Scenario Name	1	assessment result answer	1402577664382	1402577664383	1402577664397	1402577664397	OK	 
ACTION	Scenario Name	3	assessment result answer	1402577664582	1402577664583	1402577664598	1402577664598	OK	 
ACTION	Scenario Name	2	assessment result answer	1402577664882	1402577664883	1402577664913	1402577664914	OK	 
ACTION	Scenario Name	4	assessment result answer	1402577665182	1402577665182	1402577665197	1402577665197	OK	 
ACTION	Scenario Name	1	assessment result answer	1402577665382	1402577665383	1402577665397	1402577665397	OK	 
ACTION	Scenario Name	3	assessment result answer	1402577665582	1402577665583	1402577665598	1402577665599	OK	 
ACTION	Scenario Name	2	assessment result answer	1402577665932	1402577665932	1402577665946	1402577665946	OK	 
ACTION	Scenario Name	4	assessment result answer	1402577666232	1402577666233	1402577666246	1402577666246	OK	 
ACTION	Scenario Name	1	assessment result answer	1402577666382	1402577666383	1402577666398	1402577666398	OK	 
ACTION	Scenario Name	3	assessment result answer	1402577666582	1402577666583	1402577666598	1402577666598	OK	 
ACTION	Scenario Name	2	assessment result answer	1402577666932	1402577666933	1402577666946	1402577666947	OK	 
ACTION	Scenario Name	4	assessment result answer	1402577667233	1402577667233	1402577667248	1402577667248	OK	 
ACTION	Scenario Name	1	assessment result answer	1402577667432	1402577667433	1402577667513	1402577667513	OK	 
ACTION	Scenario Name	3	assessment result answer	1402577667631	1402577667632	1402577667645	1402577667645	OK	 
ACTION	Scenario Name	2	assessment result answer	1402577667982	1402577667982	1402577667994	1402577667994	OK	 
ACTION	Scenario Name	4	assessment result answer	1402577668231	1402577668232	1402577668241	1402577668241	OK	 
ACTION	Scenario Name	1	assessment result answer	1402577668482	1402577668482	1402577668494	1402577668494	OK	 
ACTION	Scenario Name	3	assessment result answer	1402577668631	1402577668632	1402577668641	1402577668641	OK	 
ACTION	Scenario Name	2	assessment result answer	1402577668982	1402577668983	1402577668994	1402577668994	OK	 
ACTION	Scenario Name	4	assessment result answer	1402577669282	1402577669282	1402577669293	1402577669294	OK	 
ACTION	Scenario Name	1	assessment result answer	1402577669482	1402577669483	1402577669494	1402577669494	OK	 
ACTION	Scenario Name	3	assessment result answer	1402577669631	1402577669631	1402577669642	1402577669642	OK	 
ACTION	Scenario Name	2	assessment result answer	1402577669982	1402577669983	1402577669994	1402577669994	OK	 
ACTION	Scenario Name	4	assessment result answer	1402577670282	1402577670283	1402577670294	1402577670294	OK	 
ACTION	Scenario Name	1	assessment result answer	1402577670532	1402577670533	1402577670545	1402577670545	OK	 
ACTION	Scenario Name	3	assessment result answer	1402577670681	1402577670682	1402577670692	1402577670692	OK	 
ACTION	Scenario Name	2	assessment result answer	1402577671032	1402577671033	1402577671054	1402577671055	OK	 
ACTION	Scenario Name	4	assessment result answer	1402577671282	1402577671283	1402577671296	1402577671296	OK	 
ACTION	Scenario Name	1	assessment result answer	1402577671533	1402577671533	1402577671544	1402577671545	OK	 
ACTION	Scenario Name	3	assessment result answer	1402577671681	1402577671682	1402577671692	1402577671693	OK	 
ACTION	Scenario Name	2	assessment result answer	1402577672032	1402577672033	1402577672044	1402577672044	OK	 
ACTION	Scenario Name	4	assessment result answer	1402577672283	1402577672283	1402577672294	1402577672295	OK	 
ACTION	Scenario Name	1	assessment result answer	1402577672533	1402577672533	1402577672544	1402577672544	OK	 
ACTION	Scenario Name	3	assessment result answer	1402577672682	1402577672683	1402577672694	1402577672694	OK	 
ACTION	Scenario Name	2	assessment result answer	1402577673031	1402577673032	1402577673044	1402577673044	OK	 
ACTION	Scenario Name	4	assessment result answer	1402577673332	1402577673333	1402577673344	1402577673344	OK	 
ACTION	Scenario Name	1	assessment result answer	1402577673581	1402577673581	1402577673604	1402577673604	OK	 
ACTION	Scenario Name	3	assessment result answer	1402577673681	1402577673681	1402577673690	1402577673691	OK	 
ACTION	Scenario Name	2	assessment result answer	1402577674081	1402577674082	1402577674091	1402577674092	OK	 
ACTION	Scenario Name	4	assessment result answer	1402577674332	1402577674333	1402577674344	1402577674344	OK	 
ACTION	Scenario Name	1	assessment result answer	1402577674581	1402577674582	1402577674594	1402577674594	OK	 
ACTION	Scenario Name	3	assessment result answer	1402577674732	1402577674733	1402577674744	1402577674744	OK	 
ACTION	Scenario Name	2	assessment result answer	1402577675082	1402577675083	1402577675094	1402577675094	OK	 
ACTION	Scenario Name	4	assessment result answer	1402577675332	1402577675333	1402577675345	1402577675345	OK	 
ACTION	Scenario Name	1	assessment result answer	1402577675582	1402577675583	1402577675594	1402577675595	OK	 
ACTION	Scenario Name	3	assessment result answer	1402577675732	1402577675732	1402577675743	1402577675744	OK	 
ACTION	Scenario Name	2	assessment result answer	1402577676082	1402577676083	1402577676106	1402577676107	OK	 
ACTION	Scenario Name	4	assessment result answer	1402577676331	1402577676332	1402577676346	1402577676346	OK	 
ACTION	Scenario Name	1	assessment result answer	1402577676632	1402577676633	1402577676644	1402577676644	OK	 
ACTION	Scenario Name	3	assessment result answer	1402577676732	1402577676733	1402577676743	1402577676743	OK	 
ACTION	Scenario Name	2	assessment result answer	1402577677132	1402577677132	1402577677143	1402577677143	OK	 
ACTION	Scenario Name	4	assessment result answer	1402577677380	1402577677381	1402577677392	1402577677392	OK	 
ACTION	Scenario Name	1	assessment result answer	1402577677632	1402577677633	1402577677644	1402577677644	OK	 
ACTION	Scenario Name	3	assessment result answer	1402577677731	1402577677731	1402577677742	1402577677742	OK	 
ACTION	Scenario Name	2	assessment result answer	1402577678132	1402577678133	1402577678143	1402577678143	OK	 
ACTION	Scenario Name	4	assessment result answer	1402577678381	1402577678381	1402577678392	1402577678392	OK	 
ACTION	Scenario Name	1	assessment result answer	1402577678631	1402577678632	1402577678657	1402577678657	OK	 
ACTION	Scenario Name	3	assessment result answer	1402577678782	1402577678783	1402577678794	1402577678795	OK	 
ACTION	Scenario Name	2	assessment result answer	1402577679131	1402577679132	1402577679140	1402577679141	OK	 
ACTION	Scenario Name	4	assessment result answer	1402577679382	1402577679383	1402577679395	1402577679395	OK	 
ACTION	Scenario Name	1	assessment result newest	1402577679682	1402577679682	1402577679692	1402577679693	OK	 
ACTION	Scenario Name	1	assessment result newest populate	1402577679694	1402577679694	1402577679704	1402577679704	OK	 
SCENARIO	Scenario Name	1	END	1402577679705
ACTION	Scenario Name	3	assessment result answer	1402577679782	1402577679782	1402577679791	1402577679791	OK	 
ACTION	Scenario Name	2	assessment result newest	1402577680130	1402577680130	1402577680139	1402577680139	OK	 
ACTION	Scenario Name	2	assessment result newest populate	1402577680181	1402577680181	1402577680190	1402577680191	OK	 
SCENARIO	Scenario Name	2	END	1402577680191
ACTION	Scenario Name	4	assessment result answer	1402577680432	1402577680433	1402577680445	1402577680445	OK	 
ACTION	Scenario Name	3	assessment result newest	1402577680782	1402577680782	1402577680791	1402577680792	OK	 
ACTION	Scenario Name	3	assessment result newest populate	1402577680831	1402577680832	1402577680857	1402577680858	OK	 
SCENARIO	Scenario Name	3	END	1402577680858
ACTION	Scenario Name	4	assessment result newest	1402577681432	1402577681432	1402577681445	1402577681445	OK	 
ACTION	Scenario Name	4	assessment result newest populate	1402577681482	1402577681483	1402577681496	1402577681496	OK	 
SCENARIO	Scenario Name	4	END	1402577681497
